#
# A fatal error has been detected by the Java Runtime Environment:
#
#  EXCEPTION_ACCESS_VIOLATION (0xc0000005) at pc=0x00007ffbdf798fe8, pid=8464, tid=1680
#
# JRE version: OpenJDK Runtime Environment Temurin-21.0.6+7 (21.0.6+7) (build 21.0.6+7-LTS)
# Java VM: OpenJDK 64-Bit Server VM Temurin-21.0.6+7 (21.0.6+7-LTS, mixed mode, sharing, tiered, compressed oops, compressed class ptrs, g1 gc, windows-amd64)
# Problematic frame:
# V  [jvm.dll+0x358fe8]
#
# No core dump will be written. Minidumps are not enabled by default on client versions of Windows
#
# If you would like to submit a bug report, please visit:
#   https://github.com/adoptium/adoptium-support/issues
#

---------------  S U M M A R Y ------------

Command Line: -XX:MaxMetaspaceSize=512m --add-opens=java.base/java.util=ALL-UNNAMED --add-opens=java.base/java.lang=ALL-UNNAMED --add-opens=java.base/java.lang.invoke=ALL-UNNAMED --add-opens=java.prefs/java.util.prefs=ALL-UNNAMED --add-opens=java.base/java.nio.charset=ALL-UNNAMED --add-opens=java.base/java.net=ALL-UNNAMED --add-opens=java.base/java.util.concurrent.atomic=ALL-UNNAMED -Xmx2048m -Dfile.encoding=utf8 -Duser.country=US -Duser.language=en -Duser.variant -javaagent:C:\Users\Pearl - Organisation\.gradle\wrapper\dists\gradle-8.8-all\6gdy1pgp427xkqcjbxw3ylt6h\gradle-8.8\lib\agents\gradle-instrumentation-agent-8.8.jar org.gradle.launcher.daemon.bootstrap.GradleDaemon 8.8

Host: Intel(R) Core(TM) i3-2100 CPU @ 3.10GHz, 4 cores, 7G,  Windows 10 , 64 bit Build 19041 (10.0.19041.5438)
Time: Wed Mar 26 09:56:08 2025 India Standard Time elapsed time: 120.955172 seconds (0d 0h 2m 0s)

---------------  T H R E A D  ---------------

Current thread (0x0000020ccfa6ac40):  WorkerThread "GC Thread#3"    [id=1680, stack(0x0000003cdb600000,0x0000003cdb700000) (1024K)]

Stack: [0x0000003cdb600000,0x0000003cdb700000],  sp=0x0000003cdb6ff730,  free space=1021k
Native frames: (J=compiled Java code, j=interpreted, Vv=VM code, C=native code)
V  [jvm.dll+0x358fe8]
V  [jvm.dll+0x35576e]
V  [jvm.dll+0x365cd4]
V  [jvm.dll+0x221ebc]
V  [jvm.dll+0x3556eb]
V  [jvm.dll+0x2240f8]
V  [jvm.dll+0x366aee]
V  [jvm.dll+0x36692a]
V  [jvm.dll+0x36e1e4]
V  [jvm.dll+0x36e35b]
V  [jvm.dll+0x8d62a7]
V  [jvm.dll+0x851f8b]
V  [jvm.dll+0x6cc5ed]
C  [ucrtbase.dll+0x21bb2]
C  [KERNEL32.DLL+0x17374]
C  [ntdll.dll+0x4cc91]


siginfo: EXCEPTION_ACCESS_VIOLATION (0xc0000005), reading address 0x0000000000002000


Registers:
RAX=0x0000000000000000, RBX=0x0000000085c2b5bc, RCX=0x0000000000000014, RDX=0x0000000000000000
RSP=0x0000003cdb6ff730, RBP=0x0000000000000b45, RSI=0x0000020c93a8b0f0, RDI=0x0000020cd2575810
R8 =0x0000000000002000, R9 =0x0000000085c2a5b0, R10=0x00007ffc06670000, R11=0x00007ffc066814d3
R12=0x0000020ccf0be2e8, R13=0x00000000000003d8, R14=0x0000000000000040, R15=0x0000000000000000
RIP=0x00007ffbdf798fe8, EFLAGS=0x0000000000010246

XMM[0]=0x00000000000405a8 0x0000000000000001
XMM[1]=0x81b7fed881b7fe98 0x870aa6e80000100a
XMM[2]=0x0000000000000000 0x0000000000000000
XMM[3]=0x0000000000000000 0x0000000000000000
XMM[4]=0x0000000000000000 0x0000000000000000
XMM[5]=0x0000000000000000 0x0000000000000000
XMM[6]=0x0000000000000000 0x0000000000000000
XMM[7]=0x0000000000000000 0x0000000000000000
XMM[8]=0x0000000000000000 0x0000000000000000
XMM[9]=0x0000000000000000 0x0000000000000000
XMM[10]=0x0000000000000000 0x0000000000000000
XMM[11]=0x0000000000000000 0x0000000000000000
XMM[12]=0x0000000000000000 0x0000000000000000
XMM[13]=0x0000000000000000 0x0000000000000000
XMM[14]=0x0000000000000000 0x0000000000000000
XMM[15]=0x0000000000000000 0x0000000000000000
  MXCSR=0x00001fa0


Register to memory mapping:

RAX=0x0 is null
RBX=
[error occurred during error reporting (printing register info), id 0xc0000005, EXCEPTION_ACCESS_VIOLATION (0xc0000005) at pc=0x00007ffbdf44c561]
RCX=0x0000000000000014 is an unknown value
RDX=0x0 is null
RSP=0x0000003cdb6ff730 points into unknown readable memory: 0x000000039d6e0000 | 00 00 6e 9d 03 00 00 00
RBP=0x0000000000000b45 is an unknown value
RSI=0x0000020c93a8b0f0 points into unknown readable memory: 0x0000000000000000 | 00 00 00 00 00 00 00 00
RDI=0x0000020cd2575810 points into unknown readable memory: 0x00007ffbdfe6bc18 | 18 bc e6 df fb 7f 00 00
R8 =0x0000000000002000 is an unknown value
R9 =0x0000000085c2a5b0 is an oop: java.lang.Class 
{0x0000000085c2a5b0} - klass: 'java/lang/Class'
 - ---- fields (total size 17 words):
 - private volatile transient 'classRedefinedCount' 'I' @12  0 (0x00000000)
 - injected 'klass' 'J' @16  2253546668032 (0x0000020cb1d94000)
 - injected 'array_klass' 'J' @24  0 (0x0000000000000000)
 - injected 'oop_size' 'I' @32  17 (0x00000011)
 - injected 'static_oop_field_count' 'I' @36  4 (0x00000004)
 - private volatile transient 'cachedConstructor' 'Ljava/lang/reflect/Constructor;' @40  null (0x00000000)
 - private transient 'name' 'Ljava/lang/String;' @44  "settings_50ae72avtzb61d3dnydhuafy2$_run_closure2$_closure3"{0x0000000085661be0} (0x85661be0)
 - private transient 'module' 'Ljava/lang/Module;' @48  a 'java/lang/Module'{0x0000000085c27b08} (0x85c27b08)
 - private final 'classLoader' 'Ljava/lang/ClassLoader;' @52  a 'org/gradle/groovy/scripts/internal/DefaultScriptCompilationHandler$ScriptClassLoader'{0x0000000085c27a98} (0x85c27a98)
 - private transient 'classData' 'Ljava/lang/Object;' @56  null (0x00000000)
 - private transient 'packageName' 'Ljava/lang/String;' @60  ""{0x0000000080400ad0} (0x80400ad0)
 - private final 'componentType' 'Ljava/lang/Class;' @64  null (0x00000000)
 - private volatile transient 'reflectionData' 'Ljava/lang/ref/SoftReference;' @68  a 'java/lang/ref/SoftReference'{0x00000000857c14a8} (0x857c14a8)
 - private volatile transient 'genericInfo' 'Lsun/reflect/generics/repository/ClassRepository;' @72  null (0x00000000)
 - private volatile transient 'enumConstants' '[Ljava/lang/Object;' @76  null (0x00000000)
 - private volatile transient 'enumConstantDirectory' 'Ljava/util/Map;' @80  null (0x00000000)
 - private volatile transient 'annotationData' 'Ljava/lang/Class$AnnotationData;' @84  null (0x00000000)
 - private volatile transient 'annotationType' 'Lsun/reflect/annotation/AnnotationType;' @88  null (0x00000000)
 - transient 'classValueMap' 'Ljava/lang/ClassValue$ClassValueMap;' @92  a 'java/lang/ClassValue$ClassValueMap'{0x0000000085600400} (0x85600400)
 - injected 'protection_domain' 'Ljava/lang/Object;' @96  a 'java/security/ProtectionDomain'{0x0000000085c278e0} (0x85c278e0)
 - injected 'signers_name' 'Ljava/lang/Object;' @100  null (0x00000000)
 - injected 'source_file' 'Ljava/lang/Object;' @104  null (0x00000000)
 - injected '<init_lock>' 'Ljava/lang/Object;' @108  null (0x00000000)
 - signature: Lsettings_50ae72avtzb61d3dnydhuafy2$_run_closure2$_closure3;
 - ---- static fields (4):
 - private static final synthetic '__originalClassName' 'Ljava/lang/String;' @112  "_BuildScript_$_run_closure2$_closure3"{0x000000008585cfc0} (0x8585cfc0)
 - private static final synthetic '__signature' 'Ljava/lang/String;' @116  "9b82b3fe6d5213b43b8a72b9c3c2cfdd"{0x000000008561d538} (0x8561d538)
 - private static synthetic '$staticClassInfo' 'Lorg/codehaus/groovy/reflection/ClassInfo;' @120  null (0x00000000)
 - public static transient synthetic '__$stMC' 'Z' @128  false (0x00)
 - private static synthetic '$callSiteArray' 'Ljava/lang/ref/SoftReference;' @124  a 'java/lang/ref/SoftReference'{0x0000000085c2a638} (0x85c2a638)
R10=0x00007ffc06670000 VCRUNTIME140.dll
R11=0x00007ffc066814d3 VCRUNTIME140.dll
R12=0x0000020ccf0be2e8 points into unknown readable memory: 0x8800060018fc043a | 3a 04 fc 18 00 06 00 88
R13=0x00000000000003d8 is an unknown value
R14=0x0000000000000040 is an unknown value
R15=0x0 is null

Top of Stack: (sp=0x0000003cdb6ff730)
0x0000003cdb6ff730:   000000039d6e0000 0000000000000001
0x0000003cdb6ff740:   0000000000000000 0000000000000058
0x0000003cdb6ff750:   0000020ccf2db430 0000020cd307ea60
0x0000003cdb6ff760:   0000020cd5501150 0000020cd307ea98
0x0000003cdb6ff770:   0000020cd5501140 00007ffbdf79576e
0x0000003cdb6ff780:   0000000000000000 0000020cd2575810
0x0000003cdb6ff790:   0000020cd307ea60 00000000000003d8
0x0000003cdb6ff7a0:   000000004813de6d 0000005712799ae5
0x0000003cdb6ff7b0:   0000020cd307ea98 0000020cd5501140
0x0000003cdb6ff7c0:   0000020cd307ea98 00007ffbdf7a5cd4
0x0000003cdb6ff7d0:   0000003cdb6f0000 0000020cd3070001
0x0000003cdb6ff7e0:   0000020c00000000 0000000000000078
0x0000003cdb6ff7f0:   0000000000000001 00007ffbdf661ebc
0x0000003cdb6ff800:   0000020cd5501150 0000020c93b3e7d0
0x0000003cdb6ff810:   0000020cd307ea01 00007ffbdfc9d257
0x0000003cdb6ff820:   0000020cd307eaf8 00007ffbdf7956eb
0x0000003cdb6ff830:   0000020cd307eaf8 0000020cd307eaf8
0x0000003cdb6ff840:   0000000000000002 00007ffbdf7886a2
0x0000003cdb6ff850:   0000020cd44544b0 00007ffbdf6640f8
0x0000003cdb6ff860:   000000004813ddd0 000000571278dcb5
0x0000003cdb6ff870:   000000004813ddd6 000000571278e34d
0x0000003cdb6ff880:   0000020cd307ea01 00007ffbdf7a6aee
0x0000003cdb6ff890:   0000020cd307eaf8 0000003cda9fe9b0
0x0000003cdb6ff8a0:   0000020cd307eb10 0000000000000000
0x0000003cdb6ff8b0:   0000020ccf291500 0000020cd2604be0
0x0000003cdb6ff8c0:   00007ffbdfe68f40 000000004813ddd6
0x0000003cdb6ff8d0:   000000571278e34d 0000003c00000005
0x0000003cdb6ff8e0:   0000020ccf2db430 0000020c00000002
0x0000003cdb6ff8f0:   0000000000000000 0000000000000000
0x0000003cdb6ff900:   0000000000000000 0000020ccf0be2e8
0x0000003cdb6ff910:   0000000000000000 0000000000000000
0x0000003cdb6ff920:   0000020ccf0bdf00 0000020ccf2db430 

Instructions: (pc=0x00007ffbdf798fe8)
0x00007ffbdf798ee8:   ff 48 8d 53 fe 48 8b cf e8 9b f3 ff ff e9 d6 fd
0x00007ffbdf798ef8:   ff ff 66 0f 1f 44 00 00 48 8b 77 10 8b ae 80 00
0x00007ffbdf798f08:   00 00 8b cd 8b 86 00 01 00 00 2b c8 81 e1 ff ff
0x00007ffbdf798f18:   01 00 41 3b ce 0f 86 48 02 00 00 ff cd 81 e5 ff
0x00007ffbdf798f28:   ff 01 00 89 ae 80 00 00 00 e8 ba 56 36 00 90 8b
0x00007ffbdf798f38:   d5 8b 86 00 01 00 00 8b cd 48 8b 9e 80 01 00 00
0x00007ffbdf798f48:   2b c8 81 e1 ff ff 01 00 81 f9 ff ff 01 00 48 8b
0x00007ffbdf798f58:   1c eb 41 0f 44 cf 85 c9 75 3d 90 89 6c 24 50 48
0x00007ffbdf798f68:   8b 86 00 01 00 00 48 8b c8 48 c1 e9 20 ff c1 89
0x00007ffbdf798f78:   4c 24 54 3b e8 0f 85 d6 01 00 00 48 c1 e1 20 48
0x00007ffbdf798f88:   0b ca f0 48 0f b1 8e 00 01 00 00 0f 85 c0 01 00
0x00007ffbdf798f98:   00 8b 86 00 01 00 00 f6 c3 01 0f 84 de 00 00 00
0x00007ffbdf798fa8:   8b 0d fa ff 8c 00 48 ff cb 48 8b 57 08 44 8b 03
0x00007ffbdf798fb8:   49 d3 e0 8b 8a b0 05 00 00 4c 03 05 d8 ff 8c 00
0x00007ffbdf798fc8:   48 8b 92 a0 05 00 00 49 8b c0 48 d3 e8 0f b7 14
0x00007ffbdf798fd8:   42 0f b7 c2 66 c1 e8 08 84 c0 0f 88 18 ff ff ff
0x00007ffbdf798fe8:   4d 8b 08 41 0f b6 c1 24 03 3c 03 75 06 49 83 e1
0x00007ffbdf798ff8:   fc eb 0b 48 8b cf e8 8d ed ff ff 4c 8b c8 8b 0d
0x00007ffbdf799008:   9c ff 8c 00 49 8b d1 48 2b 15 8a ff 8c 00 48 d3
0x00007ffbdf799018:   ea 89 13 49 8b d1 8b 0d 2c d3 93 00 48 33 d3 48
0x00007ffbdf799028:   d3 ea 48 85 d2 0f 84 cd fe ff ff 48 8b 47 08 4c
0x00007ffbdf799038:   8b 80 a0 05 00 00 8b 88 b0 05 00 00 48 8b c3 48
0x00007ffbdf799048:   d3 e8 41 0f b7 14 40 66 c1 ea 08 80 fa fe 0f 84
0x00007ffbdf799058:   a4 fe ff ff 49 8b d1 48 d3 ea 41 0f b7 14 50 0f
0x00007ffbdf799068:   b7 c2 66 c1 e8 08 84 c0 0f 89 8a fe ff ff 4c 8b
0x00007ffbdf799078:   c3 48 8b cf e8 7f d1 ff ff e9 7a fe ff ff f6 c3
0x00007ffbdf799088:   03 0f 85 b9 00 00 00 48 8b 57 08 4c 8b 03 49 8b
0x00007ffbdf799098:   c0 8b 8a b0 05 00 00 48 8b 92 a0 05 00 00 48 d3
0x00007ffbdf7990a8:   e8 0f b7 14 42 0f b7 c2 66 c1 e8 08 84 c0 0f 88
0x00007ffbdf7990b8:   44 fe ff ff 4d 8b 08 41 0f b6 c1 24 03 3c 03 75
0x00007ffbdf7990c8:   06 49 83 e1 fc eb 0b 48 8b cf e8 b9 ec ff ff 4c
0x00007ffbdf7990d8:   8b c8 49 8b d1 4c 89 0b 8b 0d 6a d2 93 00 48 33 


Stack slot to memory mapping:

stack at sp + 0 slots: 0x000000039d6e0000 is an unknown value
stack at sp + 1 slots: 0x0000000000000001 is an unknown value
stack at sp + 2 slots: 0x0 is null
stack at sp + 3 slots: 0x0000000000000058 is an unknown value
stack at sp + 4 slots: 0x0000020ccf2db430 points into unknown readable memory: 0x0000020c00000004 | 04 00 00 00 0c 02 00 00
stack at sp + 5 slots: 0x0000020cd307ea60 points into unknown readable memory: 0x00007ffbdfe6d938 | 38 d9 e6 df fb 7f 00 00
stack at sp + 6 slots: 0x0000020cd5501150 points into unknown readable memory: 0x0000000085c25d08 | 08 5d c2 85 00 00 00 00
stack at sp + 7 slots: 0x0000020cd307ea98 points into unknown readable memory: 0x00007ffbdfe6d908 | 08 d9 e6 df fb 7f 00 00


---------------  P R O C E S S  ---------------

Threads class SMR info:
_java_thread_list=0x0000020cd4c579f0, length=94, elements={
0x0000020c918d4b50, 0x0000020cafe130f0, 0x0000020cafe140b0, 0x0000020cafe17f30,
0x0000020cafe18980, 0x0000020cafe193d0, 0x0000020cafe19e20, 0x0000020cafe1aba0,
0x0000020cafe50fa0, 0x0000020cafde6030, 0x0000020ccf22c8b0, 0x0000020cd0580cf0,
0x0000020ccfd4df00, 0x0000020cd0591120, 0x0000020cd076fa30, 0x0000020ccfc63180,
0x0000020cd062db20, 0x0000020cd062e620, 0x0000020ccfe6cdd0, 0x0000020ccfe6d460,
0x0000020ccfe6daf0, 0x0000020ccfe6e180, 0x0000020ccfe6fbc0, 0x0000020ccfe6eea0,
0x0000020ccfe6e810, 0x0000020ccfe6f530, 0x0000020cd1e8b410, 0x0000020cd1e8ad80,
0x0000020cd1e8c130, 0x0000020cd1e8d4e0, 0x0000020cd1e8c7c0, 0x0000020cd1e8baa0,
0x0000020cd1e8ce50, 0x0000020cd1e8a060, 0x0000020ccf3f0430, 0x0000020ccf3ebc00,
0x0000020ccf3eaee0, 0x0000020ccf3f2500, 0x0000020ccf3ec290, 0x0000020ccf3edcd0,
0x0000020ccf3ec920, 0x0000020ccf3ecfb0, 0x0000020ccf3f1e70, 0x0000020ccf3ed640,
0x0000020ccf3ee360, 0x0000020ccf3ee9f0, 0x0000020ccf3ef080, 0x0000020ccf3ef710,
0x0000020ccf3f0ac0, 0x0000020ccf3f17e0, 0x0000020ccf3eb570, 0x0000020cd31f40d0,
0x0000020cd31f7be0, 0x0000020cd31f8f90, 0x0000020cd31f4df0, 0x0000020cd31f8270,
0x0000020cd31f5b10, 0x0000020cd31fb6f0, 0x0000020cd31f6830, 0x0000020cd31fa9d0,
0x0000020cd31f61a0, 0x0000020cd31f6ec0, 0x0000020cd31fb060, 0x0000020cd31f7550,
0x0000020cd31f8900, 0x0000020cd31f9620, 0x0000020cd31f4760, 0x0000020cd31f9cb0,
0x0000020cd31fa340, 0x0000020cd31f5480, 0x0000020cd0784f90, 0x0000020cd0784900,
0x0000020cd0784270, 0x0000020cd0786340, 0x0000020cd078ab70, 0x0000020cd0789130,
0x0000020cd0788aa0, 0x0000020cd078a4e0, 0x0000020cd0783be0, 0x0000020cd07897c0,
0x0000020cd0785620, 0x0000020cd0785cb0, 0x0000020cd07869d0, 0x0000020cd078b200,
0x0000020cd0787d80, 0x0000020cd0788410, 0x0000020cd0789e50, 0x0000020ccfe70250,
0x0000020cd2baeb70, 0x0000020cd2bad7c0, 0x0000020cd2bae4e0, 0x0000020cd2bade50,
0x0000020cd2baf200, 0x0000020cd2604a30
}

Java Threads: ( => current thread )
  0x0000020c918d4b50 JavaThread "main"                              [_thread_blocked, id=2392, stack(0x0000003cda200000,0x0000003cda300000) (1024K)]
  0x0000020cafe130f0 JavaThread "Reference Handler"          daemon [_thread_blocked, id=8616, stack(0x0000003cdaa00000,0x0000003cdab00000) (1024K)]
  0x0000020cafe140b0 JavaThread "Finalizer"                  daemon [_thread_blocked, id=8108, stack(0x0000003cdab00000,0x0000003cdac00000) (1024K)]
  0x0000020cafe17f30 JavaThread "Signal Dispatcher"          daemon [_thread_blocked, id=11804, stack(0x0000003cdac00000,0x0000003cdad00000) (1024K)]
  0x0000020cafe18980 JavaThread "Attach Listener"            daemon [_thread_blocked, id=5932, stack(0x0000003cdad00000,0x0000003cdae00000) (1024K)]
  0x0000020cafe193d0 JavaThread "Service Thread"             daemon [_thread_blocked, id=12164, stack(0x0000003cdae00000,0x0000003cdaf00000) (1024K)]
  0x0000020cafe19e20 JavaThread "Monitor Deflation Thread"   daemon [_thread_blocked, id=7864, stack(0x0000003cdaf00000,0x0000003cdb000000) (1024K)]
  0x0000020cafe1aba0 JavaThread "C2 CompilerThread0"         daemon [_thread_blocked, id=2444, stack(0x0000003cdb000000,0x0000003cdb100000) (1024K)]
  0x0000020cafe50fa0 JavaThread "C1 CompilerThread0"         daemon [_thread_blocked, id=12108, stack(0x0000003cdb100000,0x0000003cdb200000) (1024K)]
  0x0000020cafde6030 JavaThread "Common-Cleaner"             daemon [_thread_blocked, id=11648, stack(0x0000003cdb200000,0x0000003cdb300000) (1024K)]
  0x0000020ccf22c8b0 JavaThread "Notification Thread"        daemon [_thread_blocked, id=9764, stack(0x0000003cdb300000,0x0000003cdb400000) (1024K)]
  0x0000020cd0580cf0 JavaThread "Daemon health stats"               [_thread_blocked, id=8604, stack(0x0000003cdb700000,0x0000003cdb800000) (1024K)]
  0x0000020ccfd4df00 JavaThread "Incoming local TCP Connector on port 55875"        [_thread_in_native, id=5732, stack(0x0000003cdb800000,0x0000003cdb900000) (1024K)]
  0x0000020cd0591120 JavaThread "Daemon periodic checks"            [_thread_blocked, id=11028, stack(0x0000003cdb900000,0x0000003cdba00000) (1024K)]
  0x0000020cd076fa30 JavaThread "Daemon"                            [_thread_blocked, id=7912, stack(0x0000003cdba00000,0x0000003cdbb00000) (1024K)]
  0x0000020ccfc63180 JavaThread "Handler for socket connection from /127.0.0.1:55875 to /127.0.0.1:55876"        [_thread_in_native, id=1988, stack(0x0000003cdbb00000,0x0000003cdbc00000) (1024K)]
  0x0000020cd062db20 JavaThread "Cancel handler"                    [_thread_blocked, id=10740, stack(0x0000003cdbc00000,0x0000003cdbd00000) (1024K)]
  0x0000020cd062e620 JavaThread "Daemon worker"                     [_thread_blocked, id=3388, stack(0x0000003cdbd00000,0x0000003cdbe00000) (1024K)]
  0x0000020ccfe6cdd0 JavaThread "Asynchronous log dispatcher for DefaultDaemonConnection: socket connection from /127.0.0.1:55875 to /127.0.0.1:55876"        [_thread_blocked, id=9220, stack(0x0000003cdbe00000,0x0000003cdbf00000) (1024K)]
  0x0000020ccfe6d460 JavaThread "Daemon client event forwarder"        [_thread_blocked, id=12100, stack(0x0000003cdc000000,0x0000003cdc100000) (1024K)]
  0x0000020ccfe6daf0 JavaThread "Cache worker for journal cache (C:\Users\Pearl - Organisation\.gradle\caches\journal-1)"        [_thread_blocked, id=2784, stack(0x0000003cdc100000,0x0000003cdc200000) (1024K)]
  0x0000020ccfe6e180 JavaThread "File lock request listener"        [_thread_in_native, id=11928, stack(0x0000003cdc200000,0x0000003cdc300000) (1024K)]
  0x0000020ccfe6fbc0 JavaThread "Cache worker for file hash cache (C:\Users\Pearl - Organisation\.gradle\caches\8.8\fileHashes)"        [_thread_blocked, id=4244, stack(0x0000003cdc300000,0x0000003cdc400000) (1024K)]
  0x0000020ccfe6eea0 JavaThread "Cache worker for file hash cache (C:\Users\Pearl - Organisation\Documents\BioCalender\BioCalender\android\.gradle\8.8\fileHashes)"        [_thread_blocked, id=9496, stack(0x0000003cdc400000,0x0000003cdc500000) (1024K)]
  0x0000020ccfe6e810 JavaThread "File watcher server"        daemon [_thread_in_native, id=6112, stack(0x0000003cdc500000,0x0000003cdc600000) (1024K)]
  0x0000020ccfe6f530 JavaThread "File watcher consumer"      daemon [_thread_blocked, id=11536, stack(0x0000003cdc600000,0x0000003cdc700000) (1024K)]
  0x0000020cd1e8b410 JavaThread "jar transforms"                    [_thread_blocked, id=7216, stack(0x0000003cdc700000,0x0000003cdc800000) (1024K)]
  0x0000020cd1e8ad80 JavaThread "jar transforms Thread 2"           [_thread_blocked, id=12160, stack(0x0000003cdc800000,0x0000003cdc900000) (1024K)]
  0x0000020cd1e8c130 JavaThread "jar transforms Thread 3"           [_thread_blocked, id=11072, stack(0x0000003cdc900000,0x0000003cdca00000) (1024K)]
  0x0000020cd1e8d4e0 JavaThread "Cache worker for checksums cache (C:\Users\Pearl - Organisation\Documents\BioCalender\BioCalender\android\.gradle\8.8\checksums)"        [_thread_blocked, id=10200, stack(0x0000003cdca00000,0x0000003cdcb00000) (1024K)]
  0x0000020cd1e8c7c0 JavaThread "Cache worker for file content cache (C:\Users\Pearl - Organisation\.gradle\caches\8.8\fileContent)"        [_thread_blocked, id=2684, stack(0x0000003cdcb00000,0x0000003cdcc00000) (1024K)]
  0x0000020cd1e8baa0 JavaThread "Cache worker for cache directory md-rule (C:\Users\Pearl - Organisation\.gradle\caches\8.8\md-rule)"        [_thread_blocked, id=7876, stack(0x0000003cdcc00000,0x0000003cdcd00000) (1024K)]
  0x0000020cd1e8ce50 JavaThread "Cache worker for cache directory md-supplier (C:\Users\Pearl - Organisation\.gradle\caches\8.8\md-supplier)"        [_thread_blocked, id=8008, stack(0x0000003cdcd00000,0x0000003cdce00000) (1024K)]
  0x0000020cd1e8a060 JavaThread "jar transforms Thread 4"           [_thread_blocked, id=9124, stack(0x0000003cdce00000,0x0000003cdcf00000) (1024K)]
  0x0000020ccf3f0430 JavaThread "File lock release action executor"        [_thread_blocked, id=12048, stack(0x0000003cdcf00000,0x0000003cdd000000) (1024K)]
  0x0000020ccf3ebc00 JavaThread "Unconstrained build operations"        [_thread_blocked, id=3144, stack(0x0000003cdd000000,0x0000003cdd100000) (1024K)]
  0x0000020ccf3eaee0 JavaThread "Unconstrained build operations Thread 2"        [_thread_blocked, id=6712, stack(0x0000003cdd100000,0x0000003cdd200000) (1024K)]
  0x0000020ccf3f2500 JavaThread "Unconstrained build operations Thread 3"        [_thread_blocked, id=11844, stack(0x0000003cdd200000,0x0000003cdd300000) (1024K)]
  0x0000020ccf3ec290 JavaThread "Unconstrained build operations Thread 4"        [_thread_blocked, id=8596, stack(0x0000003cdd300000,0x0000003cdd400000) (1024K)]
  0x0000020ccf3edcd0 JavaThread "Unconstrained build operations Thread 5"        [_thread_blocked, id=11604, stack(0x0000003cdd400000,0x0000003cdd500000) (1024K)]
  0x0000020ccf3ec920 JavaThread "Unconstrained build operations Thread 6"        [_thread_blocked, id=1036, stack(0x0000003cdd500000,0x0000003cdd600000) (1024K)]
  0x0000020ccf3ecfb0 JavaThread "Cache worker for Build Output Cleanup Cache (C:\Users\Pearl - Organisation\Documents\BioCalender\BioCalender\node_modules\@react-native\gradle-plugin\.gradle\buildOutputCleanup)"        [_thread_blocked, id=10640, stack(0x0000003cdd600000,0x0000003cdd700000) (1024K)]
  0x0000020ccf3f1e70 JavaThread "Unconstrained build operations Thread 7"        [_thread_blocked, id=11924, stack(0x0000003cdd700000,0x0000003cdd800000) (1024K)]
  0x0000020ccf3ed640 JavaThread "Unconstrained build operations Thread 8"        [_thread_blocked, id=4252, stack(0x0000003cdd800000,0x0000003cdd900000) (1024K)]
  0x0000020ccf3ee360 JavaThread "Unconstrained build operations Thread 9"        [_thread_blocked, id=12180, stack(0x0000003cdd900000,0x0000003cdda00000) (1024K)]
  0x0000020ccf3ee9f0 JavaThread "Unconstrained build operations Thread 10"        [_thread_blocked, id=12028, stack(0x0000003cdda00000,0x0000003cddb00000) (1024K)]
  0x0000020ccf3ef080 JavaThread "Unconstrained build operations Thread 11"        [_thread_blocked, id=5248, stack(0x0000003cddb00000,0x0000003cddc00000) (1024K)]
  0x0000020ccf3ef710 JavaThread "Unconstrained build operations Thread 12"        [_thread_blocked, id=7836, stack(0x0000003cddc00000,0x0000003cddd00000) (1024K)]
  0x0000020ccf3f0ac0 JavaThread "Unconstrained build operations Thread 13"        [_thread_blocked, id=11348, stack(0x0000003cddd00000,0x0000003cdde00000) (1024K)]
  0x0000020ccf3f17e0 JavaThread "Unconstrained build operations Thread 14"        [_thread_blocked, id=9596, stack(0x0000003cdde00000,0x0000003cddf00000) (1024K)]
  0x0000020ccf3eb570 JavaThread "Unconstrained build operations Thread 15"        [_thread_blocked, id=6732, stack(0x0000003cddf00000,0x0000003cde000000) (1024K)]
  0x0000020cd31f40d0 JavaThread "Memory manager"                    [_thread_blocked, id=10832, stack(0x0000003cde100000,0x0000003cde200000) (1024K)]
  0x0000020cd31f7be0 JavaThread "build event listener"              [_thread_blocked, id=2856, stack(0x0000003cde200000,0x0000003cde300000) (1024K)]
  0x0000020cd31f8f90 JavaThread "ForkJoinPool.commonPool-worker-1" daemon [_thread_blocked, id=1884, stack(0x0000003cda100000,0x0000003cda200000) (1024K)]
  0x0000020cd31f4df0 JavaThread "ForkJoinPool.commonPool-worker-2" daemon [_thread_blocked, id=11592, stack(0x0000003cde000000,0x0000003cde100000) (1024K)]
  0x0000020cd31f8270 JavaThread "ForkJoinPool.commonPool-worker-3" daemon [_thread_blocked, id=5160, stack(0x0000003cde300000,0x0000003cde400000) (1024K)]
  0x0000020cd31f5b10 JavaThread "Exec process"               daemon [_thread_blocked, id=2840, stack(0x0000003cde400000,0x0000003cde500000) (1024K)]
  0x0000020cd31fb6f0 JavaThread "Exec process Thread 2"      daemon [_thread_blocked, id=8120, stack(0x0000003cde500000,0x0000003cde600000) (1024K)]
  0x0000020cd31f6830 JavaThread "Exec process Thread 3"      daemon [_thread_blocked, id=4520, stack(0x0000003cde600000,0x0000003cde700000) (1024K)]
  0x0000020cd31fa9d0 JavaThread "included builds"                   [_thread_blocked, id=3976, stack(0x0000003cde700000,0x0000003cde800000) (1024K)]
  0x0000020cd31f61a0 JavaThread "Execution worker"                  [_thread_blocked, id=32, stack(0x0000003cde800000,0x0000003cde900000) (1024K)]
  0x0000020cd31f6ec0 JavaThread "Execution worker Thread 2"         [_thread_blocked, id=8272, stack(0x0000003cde900000,0x0000003cdea00000) (1024K)]
  0x0000020cd31fb060 JavaThread "Execution worker Thread 3"         [_thread_blocked, id=10744, stack(0x0000003cdea00000,0x0000003cdeb00000) (1024K)]
  0x0000020cd31f7550 JavaThread "Cache worker for execution history cache (C:\Users\Pearl - Organisation\Documents\BioCalender\BioCalender\node_modules\@react-native\gradle-plugin\.gradle\8.8\executionHistory)"        [_thread_blocked, id=10720, stack(0x0000003cdeb00000,0x0000003cdec00000) (1024K)]
  0x0000020cd31f8900 JavaThread "Unconstrained build operations Thread 16"        [_thread_blocked, id=688, stack(0x0000003cdec00000,0x0000003cded00000) (1024K)]
  0x0000020cd31f9620 JavaThread "Unconstrained build operations Thread 17"        [_thread_blocked, id=2008, stack(0x0000003cded00000,0x0000003cdee00000) (1024K)]
  0x0000020cd31f4760 JavaThread "Unconstrained build operations Thread 18"        [_thread_blocked, id=7144, stack(0x0000003cdee00000,0x0000003cdef00000) (1024K)]
  0x0000020cd31f9cb0 JavaThread "Unconstrained build operations Thread 19"        [_thread_blocked, id=9084, stack(0x0000003cdef00000,0x0000003cdf000000) (1024K)]
  0x0000020cd31fa340 JavaThread "Unconstrained build operations Thread 20"        [_thread_blocked, id=1616, stack(0x0000003cdf000000,0x0000003cdf100000) (1024K)]
  0x0000020cd31f5480 JavaThread "Unconstrained build operations Thread 21"        [_thread_blocked, id=5460, stack(0x0000003cdf100000,0x0000003cdf200000) (1024K)]
  0x0000020cd0784f90 JavaThread "Unconstrained build operations Thread 22"        [_thread_blocked, id=4720, stack(0x0000003cdf200000,0x0000003cdf300000) (1024K)]
  0x0000020cd0784900 JavaThread "Unconstrained build operations Thread 23"        [_thread_blocked, id=3876, stack(0x0000003cdf300000,0x0000003cdf400000) (1024K)]
  0x0000020cd0784270 JavaThread "WorkerExecutor Queue"              [_thread_blocked, id=10440, stack(0x0000003cdf400000,0x0000003cdf500000) (1024K)]
  0x0000020cd0786340 JavaThread "RMI Scheduler(0)"           daemon [_thread_blocked, id=10336, stack(0x0000003cdbf00000,0x0000003cdc000000) (1024K)]
  0x0000020cd078ab70 JavaThread "RMI GC Daemon"              daemon [_thread_blocked, id=4728, stack(0x0000003cdf600000,0x0000003cdf700000) (1024K)]
  0x0000020cd0789130 JavaThread "RMI TCP Accept-0"           daemon [_thread_in_native, id=10748, stack(0x0000003cdf700000,0x0000003cdf800000) (1024K)]
  0x0000020cd0788aa0 JavaThread "RMI Reaper"                        [_thread_blocked, id=2336, stack(0x0000003cdf800000,0x0000003cdf900000) (1024K)]
  0x0000020cd078a4e0 JavaThread "RMI TCP Connection(idle)"   daemon [_thread_blocked, id=5332, stack(0x0000003cdf900000,0x0000003cdfa00000) (1024K)]
  0x0000020cd0783be0 JavaThread "Unconstrained build operations Thread 24"        [_thread_blocked, id=12244, stack(0x0000003cdfd00000,0x0000003cdfe00000) (1024K)]
  0x0000020cd07897c0 JavaThread "Unconstrained build operations Thread 25"        [_thread_blocked, id=3216, stack(0x0000003cdfe00000,0x0000003cdff00000) (1024K)]
  0x0000020cd0785620 JavaThread "Unconstrained build operations Thread 26"        [_thread_blocked, id=3668, stack(0x0000003cdff00000,0x0000003ce0000000) (1024K)]
  0x0000020cd0785cb0 JavaThread "Unconstrained build operations Thread 27"        [_thread_blocked, id=12044, stack(0x0000003ce0000000,0x0000003ce0100000) (1024K)]
  0x0000020cd07869d0 JavaThread "WorkerExecutor Queue Thread 2"        [_thread_blocked, id=10400, stack(0x0000003cdf500000,0x0000003cdf600000) (1024K)]
  0x0000020cd078b200 JavaThread "RMI TCP Connection(3)-127.0.0.1" daemon [_thread_in_native, id=12132, stack(0x0000003ce0100000,0x0000003ce0200000) (1024K)]
  0x0000020cd0787d80 JavaThread "Unconstrained build operations Thread 28"        [_thread_blocked, id=6816, stack(0x0000003ce0200000,0x0000003ce0300000) (1024K)]
  0x0000020cd0788410 JavaThread "Unconstrained build operations Thread 29"        [_thread_blocked, id=6184, stack(0x0000003ce0300000,0x0000003ce0400000) (1024K)]
  0x0000020cd0789e50 JavaThread "Unconstrained build operations Thread 30"        [_thread_blocked, id=3776, stack(0x0000003ce0400000,0x0000003ce0500000) (1024K)]
  0x0000020ccfe70250 JavaThread "Unconstrained build operations Thread 31"        [_thread_blocked, id=11372, stack(0x0000003ce0500000,0x0000003ce0600000) (1024K)]
  0x0000020cd2baeb70 JavaThread "Unconstrained build operations Thread 32"        [_thread_blocked, id=11480, stack(0x0000003ce0600000,0x0000003ce0700000) (1024K)]
  0x0000020cd2bad7c0 JavaThread "Unconstrained build operations Thread 33"        [_thread_blocked, id=12000, stack(0x0000003ce0700000,0x0000003ce0800000) (1024K)]
  0x0000020cd2bae4e0 JavaThread "Unconstrained build operations Thread 34"        [_thread_blocked, id=4596, stack(0x0000003ce0800000,0x0000003ce0900000) (1024K)]
  0x0000020cd2bade50 JavaThread "Unconstrained build operations Thread 35"        [_thread_blocked, id=3096, stack(0x0000003ce0900000,0x0000003ce0a00000) (1024K)]
  0x0000020cd2baf200 JavaThread "Unconstrained build operations Thread 36"        [_thread_blocked, id=10196, stack(0x0000003ce0a00000,0x0000003ce0b00000) (1024K)]
  0x0000020cd2604a30 JavaThread "C2 CompilerThread1"         daemon [_thread_blocked, id=6064, stack(0x0000003cda000000,0x0000003cda100000) (1024K)]
Total: 94

Other Threads:
  0x0000020cafdf3140 VMThread "VM Thread"                           [id=11460, stack(0x0000003cda900000,0x0000003cdaa00000) (1024K)]
  0x0000020cafde3ba0 WatcherThread "VM Periodic Task Thread"        [id=4988, stack(0x0000003cda800000,0x0000003cda900000) (1024K)]
  0x0000020c93ac9bb0 WorkerThread "GC Thread#0"                     [id=2700, stack(0x0000003cda300000,0x0000003cda400000) (1024K)]
  0x0000020ccf34b1d0 WorkerThread "GC Thread#1"                     [id=9820, stack(0x0000003cdb400000,0x0000003cdb500000) (1024K)]
  0x0000020ccf2db7a0 WorkerThread "GC Thread#2"                     [id=11744, stack(0x0000003cdb500000,0x0000003cdb600000) (1024K)]
=>0x0000020ccfa6ac40 WorkerThread "GC Thread#3"                     [id=1680, stack(0x0000003cdb600000,0x0000003cdb700000) (1024K)]
  0x0000020c93adb3a0 ConcurrentGCThread "G1 Main Marker"            [id=8216, stack(0x0000003cda400000,0x0000003cda500000) (1024K)]
  0x0000020c93adbea0 WorkerThread "G1 Conc#0"                       [id=11636, stack(0x0000003cda500000,0x0000003cda600000) (1024K)]
  0x0000020c93b3e7d0 ConcurrentGCThread "G1 Refine#0"               [id=11760, stack(0x0000003cda600000,0x0000003cda700000) (1024K)]
  0x0000020cafcb84e0 ConcurrentGCThread "G1 Service"                [id=3268, stack(0x0000003cda700000,0x0000003cda800000) (1024K)]
Total: 10

Threads with active compile tasks:
C2 CompilerThread0  121092 12852 %     4       jdk.internal.org.objectweb.asm.ClassReader::<init> @ 110 (371 bytes)
C2 CompilerThread1  121092 12854       4       java.beans.Introspector::addMethod (196 bytes)
Total: 2

VM state: at safepoint (normal execution)

VM Mutex/Monitor currently owned by a thread:  ([mutex/lock_event])
[0x00007ffbe00ee380] Threads_lock - owner thread: 0x0000020cafdf3140
[0x00007ffbe00ee480] Heap_lock - owner thread: 0x0000020cd062e620

Heap address: 0x0000000080000000, size: 2048 MB, Compressed Oops mode: 32-bit

CDS archive(s) mapped at: [0x0000020cb0000000-0x0000020cb0c80000-0x0000020cb0c80000), size 13107200, SharedBaseAddress: 0x0000020cb0000000, ArchiveRelocationMode: 1.
Compressed class space mapped at: 0x0000020cb1000000-0x0000020ccb000000, reserved size: 436207616
Narrow klass base: 0x0000020cb0000000, Narrow klass shift: 0, Narrow klass range: 0x100000000

GC Precious Log:
 CardTable entry size: 512
 Card Set container configuration: InlinePtr #cards 5 size 8 Array Of Cards #cards 12 size 40 Howl #buckets 4 coarsen threshold 1843 Howl Bitmap #cards 512 size 80 coarsen threshold 460 Card regions per heap region 1 cards per card region 2048
 CPUs: 4 total, 4 available
 Memory: 8016M
 Large Page Support: Disabled
 NUMA Support: Disabled
 Compressed Oops: Enabled (32-bit)
 Heap Region Size: 1M
 Heap Min Capacity: 8M
 Heap Initial Capacity: 126M
 Heap Max Capacity: 2G
 Pre-touch: Disabled
 Parallel Workers: 4
 Concurrent Workers: 1
 Concurrent Refinement Workers: 4
 Periodic GC: Disabled

Heap:
 garbage-first heap   total 145408K, used 134078K [0x0000000080000000, 0x0000000100000000)
  region size 1024K, 53 young (54272K), 7 survivors (7168K)
 Metaspace       used 90470K, committed 92800K, reserved 557056K
  class space    used 12617K, committed 13760K, reserved 425984K

Heap Regions: E=young(eden), S=young(survivor), O=old, HS=humongous(starts), HC=humongous(continues), CS=collection set, F=free, TAMS=top-at-mark-start, PB=parsable bottom
|   0|0x0000000080000000, 0x0000000080100000, 0x0000000080100000|100%|HS|  |TAMS 0x0000000080000000| PB 0x0000000080000000| Complete 
|   1|0x0000000080100000, 0x0000000080200000, 0x0000000080200000|100%|HC|  |TAMS 0x0000000080100000| PB 0x0000000080100000| Complete 
|   2|0x0000000080200000, 0x0000000080300000, 0x0000000080300000|100%|HC|  |TAMS 0x0000000080200000| PB 0x0000000080200000| Complete 
|   3|0x0000000080300000, 0x0000000080400000, 0x0000000080400000|100%|HC|  |TAMS 0x0000000080300000| PB 0x0000000080300000| Complete 
|   4|0x0000000080400000, 0x0000000080500000, 0x0000000080500000|100%| O|  |TAMS 0x0000000080400000| PB 0x0000000080400000| Untracked 
|   5|0x0000000080500000, 0x0000000080600000, 0x0000000080600000|100%| O|  |TAMS 0x0000000080500000| PB 0x0000000080500000| Untracked 
|   6|0x0000000080600000, 0x0000000080700000, 0x0000000080700000|100%| O|  |TAMS 0x0000000080600000| PB 0x0000000080600000| Untracked 
|   7|0x0000000080700000, 0x0000000080800000, 0x0000000080800000|100%| O|  |TAMS 0x0000000080700000| PB 0x0000000080700000| Untracked 
|   8|0x0000000080800000, 0x0000000080900000, 0x0000000080900000|100%|HS|  |TAMS 0x0000000080800000| PB 0x0000000080800000| Complete 
|   9|0x0000000080900000, 0x0000000080a00000, 0x0000000080a00000|100%| O|  |TAMS 0x0000000080900000| PB 0x0000000080900000| Untracked 
|  10|0x0000000080a00000, 0x0000000080b00000, 0x0000000080b00000|100%| O|  |TAMS 0x0000000080a00000| PB 0x0000000080a00000| Untracked 
|  11|0x0000000080b00000, 0x0000000080c00000, 0x0000000080c00000|100%| O|  |TAMS 0x0000000080b00000| PB 0x0000000080b00000| Untracked 
|  12|0x0000000080c00000, 0x0000000080d00000, 0x0000000080d00000|100%| O|  |TAMS 0x0000000080c00000| PB 0x0000000080c00000| Untracked 
|  13|0x0000000080d00000, 0x0000000080e00000, 0x0000000080e00000|100%| O|  |TAMS 0x0000000080d00000| PB 0x0000000080d00000| Untracked 
|  14|0x0000000080e00000, 0x0000000080f00000, 0x0000000080f00000|100%| O|  |TAMS 0x0000000080e00000| PB 0x0000000080e00000| Untracked 
|  15|0x0000000080f00000, 0x0000000081000000, 0x0000000081000000|100%| O|  |TAMS 0x0000000080f00000| PB 0x0000000080f00000| Untracked 
|  16|0x0000000081000000, 0x0000000081100000, 0x0000000081100000|100%| O|  |TAMS 0x0000000081000000| PB 0x0000000081000000| Untracked 
|  17|0x0000000081100000, 0x0000000081200000, 0x0000000081200000|100%| O|  |TAMS 0x0000000081100000| PB 0x0000000081100000| Untracked 
|  18|0x0000000081200000, 0x0000000081300000, 0x0000000081300000|100%| O|  |TAMS 0x0000000081200000| PB 0x0000000081200000| Untracked 
|  19|0x0000000081300000, 0x0000000081400000, 0x0000000081400000|100%| O|  |TAMS 0x0000000081300000| PB 0x0000000081300000| Untracked 
|  20|0x0000000081400000, 0x0000000081500000, 0x0000000081500000|100%| O|  |TAMS 0x0000000081400000| PB 0x0000000081400000| Untracked 
|  21|0x0000000081500000, 0x0000000081600000, 0x0000000081600000|100%| O|  |TAMS 0x0000000081500000| PB 0x0000000081500000| Untracked 
|  22|0x0000000081600000, 0x0000000081700000, 0x0000000081700000|100%| O|  |TAMS 0x0000000081600000| PB 0x0000000081600000| Untracked 
|  23|0x0000000081700000, 0x0000000081800000, 0x0000000081800000|100%| O|  |TAMS 0x0000000081700000| PB 0x0000000081700000| Untracked 
|  24|0x0000000081800000, 0x0000000081900000, 0x0000000081900000|100%| O|  |TAMS 0x0000000081800000| PB 0x0000000081800000| Untracked 
|  25|0x0000000081900000, 0x0000000081a00000, 0x0000000081a00000|100%| O|  |TAMS 0x0000000081900000| PB 0x0000000081900000| Untracked 
|  26|0x0000000081a00000, 0x0000000081b00000, 0x0000000081b00000|100%| O|  |TAMS 0x0000000081a00000| PB 0x0000000081a00000| Untracked 
|  27|0x0000000081b00000, 0x0000000081c00000, 0x0000000081c00000|100%| O|  |TAMS 0x0000000081b00000| PB 0x0000000081b00000| Untracked 
|  28|0x0000000081c00000, 0x0000000081d00000, 0x0000000081d00000|100%| O|  |TAMS 0x0000000081c00000| PB 0x0000000081c00000| Untracked 
|  29|0x0000000081d00000, 0x0000000081e00000, 0x0000000081e00000|100%| O|  |TAMS 0x0000000081d00000| PB 0x0000000081d00000| Untracked 
|  30|0x0000000081e00000, 0x0000000081f00000, 0x0000000081f00000|100%| O|  |TAMS 0x0000000081e00000| PB 0x0000000081e00000| Untracked 
|  31|0x0000000081f00000, 0x0000000082000000, 0x0000000082000000|100%| O|  |TAMS 0x0000000081f00000| PB 0x0000000081f00000| Untracked 
|  32|0x0000000082000000, 0x0000000082100000, 0x0000000082100000|100%| O|  |TAMS 0x0000000082000000| PB 0x0000000082000000| Untracked 
|  33|0x0000000082100000, 0x0000000082200000, 0x0000000082200000|100%| O|  |TAMS 0x0000000082100000| PB 0x0000000082100000| Untracked 
|  34|0x0000000082200000, 0x0000000082300000, 0x0000000082300000|100%| O|  |TAMS 0x0000000082200000| PB 0x0000000082200000| Untracked 
|  35|0x0000000082300000, 0x0000000082400000, 0x0000000082400000|100%| O|  |TAMS 0x0000000082300000| PB 0x0000000082300000| Untracked 
|  36|0x0000000082400000, 0x0000000082500000, 0x0000000082500000|100%| O|  |TAMS 0x0000000082400000| PB 0x0000000082400000| Untracked 
|  37|0x0000000082500000, 0x0000000082600000, 0x0000000082600000|100%| O|  |TAMS 0x0000000082500000| PB 0x0000000082500000| Untracked 
|  38|0x0000000082600000, 0x0000000082700000, 0x0000000082700000|100%| O|  |TAMS 0x0000000082600000| PB 0x0000000082600000| Untracked 
|  39|0x0000000082700000, 0x0000000082800000, 0x0000000082800000|100%| O|  |TAMS 0x0000000082700000| PB 0x0000000082700000| Untracked 
|  40|0x0000000082800000, 0x0000000082900000, 0x0000000082900000|100%| O|  |TAMS 0x0000000082800000| PB 0x0000000082800000| Untracked 
|  41|0x0000000082900000, 0x0000000082a00000, 0x0000000082a00000|100%| O|  |TAMS 0x0000000082900000| PB 0x0000000082900000| Untracked 
|  42|0x0000000082a00000, 0x0000000082b00000, 0x0000000082b00000|100%| O|  |TAMS 0x0000000082a00000| PB 0x0000000082a00000| Untracked 
|  43|0x0000000082b00000, 0x0000000082c00000, 0x0000000082c00000|100%| O|  |TAMS 0x0000000082b00000| PB 0x0000000082b00000| Untracked 
|  44|0x0000000082c00000, 0x0000000082d00000, 0x0000000082d00000|100%| O|  |TAMS 0x0000000082c00000| PB 0x0000000082c00000| Untracked 
|  45|0x0000000082d00000, 0x0000000082e00000, 0x0000000082e00000|100%|HS|  |TAMS 0x0000000082d00000| PB 0x0000000082d00000| Complete 
|  46|0x0000000082e00000, 0x0000000082f00000, 0x0000000082f00000|100%|HC|  |TAMS 0x0000000082e00000| PB 0x0000000082e00000| Complete 
|  47|0x0000000082f00000, 0x0000000083000000, 0x0000000083000000|100%| O|  |TAMS 0x0000000082f00000| PB 0x0000000082f00000| Untracked 
|  48|0x0000000083000000, 0x0000000083100000, 0x0000000083100000|100%|HS|  |TAMS 0x0000000083000000| PB 0x0000000083000000| Complete 
|  49|0x0000000083100000, 0x0000000083200000, 0x0000000083200000|100%|HC|  |TAMS 0x0000000083100000| PB 0x0000000083100000| Complete 
|  50|0x0000000083200000, 0x0000000083300000, 0x0000000083300000|100%| O|  |TAMS 0x0000000083200000| PB 0x0000000083200000| Untracked 
|  51|0x0000000083300000, 0x0000000083400000, 0x0000000083400000|100%| O|  |TAMS 0x0000000083300000| PB 0x0000000083300000| Untracked 
|  52|0x0000000083400000, 0x0000000083500000, 0x0000000083500000|100%|HS|  |TAMS 0x0000000083400000| PB 0x0000000083400000| Complete 
|  53|0x0000000083500000, 0x0000000083600000, 0x0000000083600000|100%|HC|  |TAMS 0x0000000083500000| PB 0x0000000083500000| Complete 
|  54|0x0000000083600000, 0x0000000083700000, 0x0000000083700000|100%|HC|  |TAMS 0x0000000083600000| PB 0x0000000083600000| Complete 
|  55|0x0000000083700000, 0x0000000083800000, 0x0000000083800000|100%|HC|  |TAMS 0x0000000083700000| PB 0x0000000083700000| Complete 
|  56|0x0000000083800000, 0x0000000083900000, 0x0000000083900000|100%|HS|  |TAMS 0x0000000083800000| PB 0x0000000083800000| Complete 
|  57|0x0000000083900000, 0x0000000083a00000, 0x0000000083a00000|100%|HC|  |TAMS 0x0000000083900000| PB 0x0000000083900000| Complete 
|  58|0x0000000083a00000, 0x0000000083b00000, 0x0000000083b00000|100%|HC|  |TAMS 0x0000000083a00000| PB 0x0000000083a00000| Complete 
|  59|0x0000000083b00000, 0x0000000083c00000, 0x0000000083c00000|100%|HC|  |TAMS 0x0000000083b00000| PB 0x0000000083b00000| Complete 
|  60|0x0000000083c00000, 0x0000000083d00000, 0x0000000083d00000|100%| O|  |TAMS 0x0000000083c00000| PB 0x0000000083c00000| Untracked 
|  61|0x0000000083d00000, 0x0000000083e00000, 0x0000000083e00000|100%| O|  |TAMS 0x0000000083d00000| PB 0x0000000083d00000| Untracked 
|  62|0x0000000083e00000, 0x0000000083f00000, 0x0000000083f00000|100%| O|  |TAMS 0x0000000083e00000| PB 0x0000000083e00000| Untracked 
|  63|0x0000000083f00000, 0x0000000084000000, 0x0000000084000000|100%| O|  |TAMS 0x0000000083f00000| PB 0x0000000083f00000| Untracked 
|  64|0x0000000084000000, 0x0000000084100000, 0x0000000084100000|100%| O|  |TAMS 0x0000000084000000| PB 0x0000000084000000| Untracked 
|  65|0x0000000084100000, 0x0000000084200000, 0x0000000084200000|100%| O|  |TAMS 0x0000000084100000| PB 0x0000000084100000| Untracked 
|  66|0x0000000084200000, 0x0000000084300000, 0x0000000084300000|100%| O|  |TAMS 0x0000000084200000| PB 0x0000000084200000| Untracked 
|  67|0x0000000084300000, 0x0000000084400000, 0x0000000084400000|100%| O|  |TAMS 0x0000000084300000| PB 0x0000000084300000| Untracked 
|  68|0x0000000084400000, 0x0000000084500000, 0x0000000084500000|100%| O|  |TAMS 0x0000000084400000| PB 0x0000000084400000| Untracked 
|  69|0x0000000084500000, 0x0000000084600000, 0x0000000084600000|100%| O|  |TAMS 0x0000000084500000| PB 0x0000000084500000| Untracked 
|  70|0x0000000084600000, 0x0000000084700000, 0x0000000084700000|100%| O|  |TAMS 0x0000000084600000| PB 0x0000000084600000| Untracked 
|  71|0x0000000084700000, 0x0000000084800000, 0x0000000084800000|100%| O|  |TAMS 0x0000000084700000| PB 0x0000000084700000| Untracked 
|  72|0x0000000084800000, 0x0000000084900000, 0x0000000084900000|100%| O|  |TAMS 0x0000000084800000| PB 0x0000000084800000| Untracked 
|  73|0x0000000084900000, 0x0000000084a00000, 0x0000000084a00000|100%| O|CS|TAMS 0x0000000084900000| PB 0x0000000084900000| Complete 
|  74|0x0000000084a00000, 0x0000000084b00000, 0x0000000084b00000|100%| O|  |TAMS 0x0000000084a00000| PB 0x0000000084a00000| Untracked 
|  75|0x0000000084b00000, 0x0000000084c00000, 0x0000000084c00000|100%| O|  |TAMS 0x0000000084b00000| PB 0x0000000084b00000| Untracked 
|  76|0x0000000084c00000, 0x0000000084d00000, 0x0000000084d00000|100%| O|  |TAMS 0x0000000084c00000| PB 0x0000000084c00000| Untracked 
|  77|0x0000000084d00000, 0x0000000084e00000, 0x0000000084e00000|100%| O|CS|TAMS 0x0000000084d00000| PB 0x0000000084d00000| Complete 
|  78|0x0000000084e00000, 0x0000000084f00000, 0x0000000084f00000|100%| O|  |TAMS 0x0000000084e00000| PB 0x0000000084e00000| Untracked 
|  79|0x0000000084f00000, 0x0000000085000000, 0x0000000085000000|100%| O|  |TAMS 0x0000000084f00000| PB 0x0000000084f00000| Untracked 
|  80|0x0000000085000000, 0x0000000085100000, 0x0000000085100000|100%| O|  |TAMS 0x0000000085000000| PB 0x0000000085000000| Untracked 
|  81|0x0000000085100000, 0x0000000085200000, 0x0000000085200000|100%| O|  |TAMS 0x0000000085100000| PB 0x0000000085100000| Untracked 
|  82|0x0000000085200000, 0x0000000085300000, 0x0000000085300000|100%| O|  |TAMS 0x0000000085200000| PB 0x0000000085200000| Untracked 
|  83|0x0000000085300000, 0x000000008535cf00, 0x0000000085400000| 36%| O|  |TAMS 0x0000000085300000| PB 0x0000000085300000| Untracked 
|  84|0x0000000085400000, 0x0000000085400000, 0x0000000085500000|  0%| F|  |TAMS 0x0000000085400000| PB 0x0000000085400000| Untracked 
|  85|0x0000000085500000, 0x0000000085500000, 0x0000000085600000|  0%| F|  |TAMS 0x0000000085500000| PB 0x0000000085500000| Untracked 
|  86|0x0000000085600000, 0x0000000085695040, 0x0000000085700000| 58%| S|  |TAMS 0x0000000085600000| PB 0x0000000085600000| Complete 
|  87|0x0000000085700000, 0x0000000085800000, 0x0000000085800000|100%| S|  |TAMS 0x0000000085700000| PB 0x0000000085700000| Complete 
|  88|0x0000000085800000, 0x0000000085900000, 0x0000000085900000|100%| S|  |TAMS 0x0000000085800000| PB 0x0000000085800000| Complete 
|  89|0x0000000085900000, 0x0000000085a00000, 0x0000000085a00000|100%| S|  |TAMS 0x0000000085900000| PB 0x0000000085900000| Complete 
|  90|0x0000000085a00000, 0x0000000085b00000, 0x0000000085b00000|100%| S|  |TAMS 0x0000000085a00000| PB 0x0000000085a00000| Complete 
|  91|0x0000000085b00000, 0x0000000085c00000, 0x0000000085c00000|100%| S|  |TAMS 0x0000000085b00000| PB 0x0000000085b00000| Complete 
|  92|0x0000000085c00000, 0x0000000085d00000, 0x0000000085d00000|100%| S|  |TAMS 0x0000000085c00000| PB 0x0000000085c00000| Complete 
|  93|0x0000000085d00000, 0x0000000085e00000, 0x0000000085e00000|100%| E|CS|TAMS 0x0000000085d00000| PB 0x0000000085d00000| Complete 
|  94|0x0000000085e00000, 0x0000000085f00000, 0x0000000085f00000|100%| E|CS|TAMS 0x0000000085e00000| PB 0x0000000085e00000| Complete 
|  95|0x0000000085f00000, 0x0000000086000000, 0x0000000086000000|100%| E|CS|TAMS 0x0000000085f00000| PB 0x0000000085f00000| Complete 
|  96|0x0000000086000000, 0x0000000086100000, 0x0000000086100000|100%| E|CS|TAMS 0x0000000086000000| PB 0x0000000086000000| Complete 
|  97|0x0000000086100000, 0x0000000086200000, 0x0000000086200000|100%| E|CS|TAMS 0x0000000086100000| PB 0x0000000086100000| Complete 
|  98|0x0000000086200000, 0x0000000086300000, 0x0000000086300000|100%| E|CS|TAMS 0x0000000086200000| PB 0x0000000086200000| Complete 
|  99|0x0000000086300000, 0x0000000086400000, 0x0000000086400000|100%| E|CS|TAMS 0x0000000086300000| PB 0x0000000086300000| Complete 
| 100|0x0000000086400000, 0x0000000086500000, 0x0000000086500000|100%| E|CS|TAMS 0x0000000086400000| PB 0x0000000086400000| Complete 
| 101|0x0000000086500000, 0x0000000086600000, 0x0000000086600000|100%| E|CS|TAMS 0x0000000086500000| PB 0x0000000086500000| Complete 
| 102|0x0000000086600000, 0x0000000086700000, 0x0000000086700000|100%| E|CS|TAMS 0x0000000086600000| PB 0x0000000086600000| Complete 
| 103|0x0000000086700000, 0x0000000086800000, 0x0000000086800000|100%| E|CS|TAMS 0x0000000086700000| PB 0x0000000086700000| Complete 
| 104|0x0000000086800000, 0x0000000086900000, 0x0000000086900000|100%| E|CS|TAMS 0x0000000086800000| PB 0x0000000086800000| Complete 
| 105|0x0000000086900000, 0x0000000086a00000, 0x0000000086a00000|100%| E|CS|TAMS 0x0000000086900000| PB 0x0000000086900000| Complete 
| 106|0x0000000086a00000, 0x0000000086b00000, 0x0000000086b00000|100%| E|CS|TAMS 0x0000000086a00000| PB 0x0000000086a00000| Complete 
| 107|0x0000000086b00000, 0x0000000086befad8, 0x0000000086c00000| 93%| E|CS|TAMS 0x0000000086b00000| PB 0x0000000086b00000| Complete 
| 108|0x0000000086c00000, 0x0000000086d00000, 0x0000000086d00000|100%| E|CS|TAMS 0x0000000086c00000| PB 0x0000000086c00000| Complete 
| 109|0x0000000086d00000, 0x0000000086e00000, 0x0000000086e00000|100%| E|CS|TAMS 0x0000000086d00000| PB 0x0000000086d00000| Complete 
| 110|0x0000000086e00000, 0x0000000086f00000, 0x0000000086f00000|100%| E|CS|TAMS 0x0000000086e00000| PB 0x0000000086e00000| Complete 
| 111|0x0000000086f00000, 0x0000000087000000, 0x0000000087000000|100%| E|CS|TAMS 0x0000000086f00000| PB 0x0000000086f00000| Complete 
| 112|0x0000000087000000, 0x0000000087100000, 0x0000000087100000|100%| E|CS|TAMS 0x0000000087000000| PB 0x0000000087000000| Complete 
| 113|0x0000000087100000, 0x0000000087200000, 0x0000000087200000|100%| E|CS|TAMS 0x0000000087100000| PB 0x0000000087100000| Complete 
| 114|0x0000000087200000, 0x0000000087300000, 0x0000000087300000|100%| E|CS|TAMS 0x0000000087200000| PB 0x0000000087200000| Complete 
| 115|0x0000000087300000, 0x0000000087400000, 0x0000000087400000|100%| E|CS|TAMS 0x0000000087300000| PB 0x0000000087300000| Complete 
| 116|0x0000000087400000, 0x0000000087500000, 0x0000000087500000|100%| E|CS|TAMS 0x0000000087400000| PB 0x0000000087400000| Complete 
| 117|0x0000000087500000, 0x0000000087600000, 0x0000000087600000|100%| E|CS|TAMS 0x0000000087500000| PB 0x0000000087500000| Complete 
| 118|0x0000000087600000, 0x0000000087700000, 0x0000000087700000|100%| E|CS|TAMS 0x0000000087600000| PB 0x0000000087600000| Complete 
| 119|0x0000000087700000, 0x0000000087800000, 0x0000000087800000|100%| E|CS|TAMS 0x0000000087700000| PB 0x0000000087700000| Complete 
| 120|0x0000000087800000, 0x0000000087900000, 0x0000000087900000|100%| E|CS|TAMS 0x0000000087800000| PB 0x0000000087800000| Complete 
| 121|0x0000000087900000, 0x0000000087a00000, 0x0000000087a00000|100%| E|CS|TAMS 0x0000000087900000| PB 0x0000000087900000| Complete 
| 122|0x0000000087a00000, 0x0000000087b00000, 0x0000000087b00000|100%| E|CS|TAMS 0x0000000087a00000| PB 0x0000000087a00000| Complete 
| 123|0x0000000087b00000, 0x0000000087c00000, 0x0000000087c00000|100%| E|CS|TAMS 0x0000000087b00000| PB 0x0000000087b00000| Complete 
| 124|0x0000000087c00000, 0x0000000087d00000, 0x0000000087d00000|100%| E|CS|TAMS 0x0000000087c00000| PB 0x0000000087c00000| Complete 
| 125|0x0000000087d00000, 0x0000000087e00000, 0x0000000087e00000|100%| E|CS|TAMS 0x0000000087d00000| PB 0x0000000087d00000| Complete 
| 126|0x0000000087e00000, 0x0000000087f00000, 0x0000000087f00000|100%| E|CS|TAMS 0x0000000087e00000| PB 0x0000000087e00000| Complete 
| 127|0x0000000087f00000, 0x0000000088000000, 0x0000000088000000|100%| E|CS|TAMS 0x0000000087f00000| PB 0x0000000087f00000| Complete 
| 128|0x0000000088000000, 0x0000000088100000, 0x0000000088100000|100%| E|CS|TAMS 0x0000000088000000| PB 0x0000000088000000| Complete 
| 129|0x0000000088100000, 0x0000000088200000, 0x0000000088200000|100%| E|CS|TAMS 0x0000000088100000| PB 0x0000000088100000| Complete 
| 130|0x0000000088200000, 0x0000000088300000, 0x0000000088300000|100%| E|CS|TAMS 0x0000000088200000| PB 0x0000000088200000| Complete 
| 131|0x0000000088300000, 0x0000000088400000, 0x0000000088400000|100%| E|CS|TAMS 0x0000000088300000| PB 0x0000000088300000| Complete 
| 132|0x0000000088400000, 0x0000000088500000, 0x0000000088500000|100%| E|CS|TAMS 0x0000000088400000| PB 0x0000000088400000| Complete 
| 133|0x0000000088500000, 0x0000000088600000, 0x0000000088600000|100%| E|CS|TAMS 0x0000000088500000| PB 0x0000000088500000| Complete 
| 134|0x0000000088600000, 0x0000000088700000, 0x0000000088700000|100%| E|CS|TAMS 0x0000000088600000| PB 0x0000000088600000| Complete 
| 135|0x0000000088700000, 0x0000000088800000, 0x0000000088800000|100%| E|CS|TAMS 0x0000000088700000| PB 0x0000000088700000| Complete 
| 136|0x0000000088800000, 0x0000000088900000, 0x0000000088900000|100%| E|CS|TAMS 0x0000000088800000| PB 0x0000000088800000| Complete 
| 137|0x0000000088900000, 0x0000000088a00000, 0x0000000088a00000|100%| E|CS|TAMS 0x0000000088900000| PB 0x0000000088900000| Complete 
| 138|0x0000000088a00000, 0x0000000088b00000, 0x0000000088b00000|100%| E|CS|TAMS 0x0000000088a00000| PB 0x0000000088a00000| Complete 
| 139|0x0000000088b00000, 0x0000000088c00000, 0x0000000088c00000|100%| E|CS|TAMS 0x0000000088b00000| PB 0x0000000088b00000| Complete 
| 140|0x0000000088c00000, 0x0000000088d00000, 0x0000000088d00000|100%| E|CS|TAMS 0x0000000088c00000| PB 0x0000000088c00000| Complete 
| 141|0x0000000088d00000, 0x0000000088e00000, 0x0000000088e00000|100%| E|CS|TAMS 0x0000000088d00000| PB 0x0000000088d00000| Complete 

Card table byte_map: [0x0000020cab560000,0x0000020cab960000] _byte_map_base: 0x0000020cab160000

Marking Bits: (CMBitMap*) 0x0000020c93aca2b0
 Bits: [0x0000020cab960000, 0x0000020cad960000)

Polling page: 0x0000020c91850000

Metaspace:

Usage:
  Non-class:     76.03 MB used.
      Class:     12.32 MB used.
       Both:     88.35 MB used.

Virtual space:
  Non-class space:      128.00 MB reserved,      77.19 MB ( 60%) committed,  2 nodes.
      Class space:      416.00 MB reserved,      13.44 MB (  3%) committed,  1 nodes.
             Both:      544.00 MB reserved,      90.62 MB ( 17%) committed. 

Chunk freelists:
   Non-Class:  2.70 MB
       Class:  2.39 MB
        Both:  5.09 MB

MaxMetaspaceSize: 512.00 MB
CompressedClassSpaceSize: 416.00 MB
Initial GC threshold: 21.00 MB
Current GC threshold: 145.25 MB
CDS: on
 - commit_granule_bytes: 65536.
 - commit_granule_words: 8192.
 - virtual_space_node_default_size: 8388608.
 - enlarge_chunks_in_place: 1.
 - use_allocation_guard: 0.


Internal statistics:

num_allocs_failed_limit: 6.
num_arena_births: 4092.
num_arena_deaths: 0.
num_vsnodes_births: 3.
num_vsnodes_deaths: 0.
num_space_committed: 1450.
num_space_uncommitted: 0.
num_chunks_returned_to_freelist: 6.
num_chunks_taken_from_freelist: 8297.
num_chunk_merges: 3.
num_chunk_splits: 5398.
num_chunks_enlarged: 3317.
num_inconsistent_stats: 0.

CodeHeap 'non-profiled nmethods': size=120000Kb used=6395Kb max_used=6395Kb free=113604Kb
 bounds [0x0000020ca3c30000, 0x0000020ca4270000, 0x0000020cab160000]
CodeHeap 'profiled nmethods': size=120000Kb used=21252Kb max_used=21252Kb free=98747Kb
 bounds [0x0000020c9c160000, 0x0000020c9d630000, 0x0000020ca3690000]
CodeHeap 'non-nmethods': size=5760Kb used=2901Kb max_used=2931Kb free=2858Kb
 bounds [0x0000020ca3690000, 0x0000020ca3980000, 0x0000020ca3c30000]
 total_blobs=12025 nmethods=11038 adapters=889
 compilation: enabled
              stopped_count=0, restarted_count=0
 full_count=0

Compilation events (20 events):
Event: 120.858 Thread 0x0000020cd2604a30 nmethod 12842 0x0000020ca426be90 code [0x0000020ca426c080, 0x0000020ca426c628]
Event: 120.858 Thread 0x0000020cd2604a30 12845       4       org.codehaus.groovy.util.SingleKeyHashMap::get (67 bytes)
Event: 120.865 Thread 0x0000020cd2604a30 nmethod 12845 0x0000020ca426c990 code [0x0000020ca426cb60, 0x0000020ca426cfa0]
Event: 120.868 Thread 0x0000020cafe1aba0 nmethod 12844 0x0000020ca426d290 code [0x0000020ca426d500, 0x0000020ca426dd88]
Event: 120.885 Thread 0x0000020cafe50fa0 12846       3       groovy.lang.MetaClassImpl::applyStrayPropertyMethods (288 bytes)
Event: 120.888 Thread 0x0000020cafe50fa0 nmethod 12846 0x0000020c9d61b510 code [0x0000020c9d61b9e0, 0x0000020c9d61e320]
Event: 120.888 Thread 0x0000020cafe50fa0 12847       3       groovyjarjarasm.asm.SymbolTable::hash (15 bytes)
Event: 120.889 Thread 0x0000020cafe50fa0 nmethod 12847 0x0000020c9d61f290 code [0x0000020c9d61f440, 0x0000020c9d61f5c0]
Event: 120.889 Thread 0x0000020cafe50fa0 12848       3       groovyjarjarasm.asm.SymbolTable$Entry::<init> (18 bytes)
Event: 120.889 Thread 0x0000020cafe50fa0 nmethod 12848 0x0000020c9d61f710 code [0x0000020c9d61f8c0, 0x0000020c9d61fa38]
Event: 120.892 Thread 0x0000020cafe50fa0 12849       3       org.gradle.internal.instantiation.generator.AbstractClassGenerator$PropertyMetadata::getGenericType (34 bytes)
Event: 120.893 Thread 0x0000020cafe50fa0 nmethod 12849 0x0000020c9d61fb10 code [0x0000020c9d61fd80, 0x0000020c9d620908]
Event: 120.893 Thread 0x0000020cafe50fa0 12850       3       org.gradle.model.internal.asm.MethodVisitorScope::_ANEWARRAY (12 bytes)
Event: 120.893 Thread 0x0000020cafe50fa0 nmethod 12850 0x0000020c9d620c10 code [0x0000020c9d620de0, 0x0000020c9d621118]
Event: 120.896 Thread 0x0000020cd2604a30 12851       4       org.objectweb.asm.SymbolTable::addConstantFieldref (10 bytes)
Event: 120.897 Thread 0x0000020cd2604a30 nmethod 12851 0x0000020ca426e490 code [0x0000020ca426e620, 0x0000020ca426e6e0]
Event: 120.897 Thread 0x0000020cafe1aba0 12852 %     4       jdk.internal.org.objectweb.asm.ClassReader::<init> @ 110 (371 bytes)
Event: 120.915 Thread 0x0000020cd2604a30 12853       4       java.lang.reflect.Method::getTypeParameters (19 bytes)
Event: 120.920 Thread 0x0000020cd2604a30 nmethod 12853 0x0000020ca426e790 code [0x0000020ca426e940, 0x0000020ca426ec60]
Event: 120.920 Thread 0x0000020cd2604a30 12854       4       java.beans.Introspector::addMethod (196 bytes)

GC Heap History (20 events):
Event: 49.467 GC heap after
{Heap after GC invocations=28 (full 0):
 garbage-first heap   total 114688K, used 67858K [0x0000000080000000, 0x0000000100000000)
  region size 1024K, 1 young (1024K), 1 survivors (1024K)
 Metaspace       used 67966K, committed 70016K, reserved 491520K
  class space    used 9548K, committed 10624K, reserved 425984K
}
Event: 53.333 GC heap before
{Heap before GC invocations=28 (full 0):
 garbage-first heap   total 114688K, used 104722K [0x0000000080000000, 0x0000000100000000)
  region size 1024K, 37 young (37888K), 1 survivors (1024K)
 Metaspace       used 69605K, committed 71744K, reserved 491520K
  class space    used 9756K, committed 10816K, reserved 425984K
}
Event: 53.340 GC heap after
{Heap after GC invocations=29 (full 0):
 garbage-first heap   total 114688K, used 69550K [0x0000000080000000, 0x0000000100000000)
  region size 1024K, 3 young (3072K), 3 survivors (3072K)
 Metaspace       used 69605K, committed 71744K, reserved 491520K
  class space    used 9756K, committed 10816K, reserved 425984K
}
Event: 57.536 GC heap before
{Heap before GC invocations=29 (full 0):
 garbage-first heap   total 114688K, used 103342K [0x0000000080000000, 0x0000000100000000)
  region size 1024K, 36 young (36864K), 3 survivors (3072K)
 Metaspace       used 70882K, committed 73024K, reserved 491520K
  class space    used 9925K, committed 11008K, reserved 425984K
}
Event: 57.547 GC heap after
{Heap after GC invocations=30 (full 0):
 garbage-first heap   total 114688K, used 71795K [0x0000000080000000, 0x0000000100000000)
  region size 1024K, 5 young (5120K), 5 survivors (5120K)
 Metaspace       used 70882K, committed 73024K, reserved 491520K
  class space    used 9925K, committed 11008K, reserved 425984K
}
Event: 60.417 GC heap before
{Heap before GC invocations=31 (full 0):
 garbage-first heap   total 121856K, used 101491K [0x0000000080000000, 0x0000000100000000)
  region size 1024K, 34 young (34816K), 5 survivors (5120K)
 Metaspace       used 72927K, committed 75072K, reserved 491520K
  class space    used 10224K, committed 11328K, reserved 425984K
}
Event: 60.430 GC heap after
{Heap after GC invocations=32 (full 0):
 garbage-first heap   total 121856K, used 73019K [0x0000000080000000, 0x0000000100000000)
  region size 1024K, 4 young (4096K), 4 survivors (4096K)
 Metaspace       used 72927K, committed 75072K, reserved 491520K
  class space    used 10224K, committed 11328K, reserved 425984K
}
Event: 66.610 GC heap before
{Heap before GC invocations=32 (full 0):
 garbage-first heap   total 121856K, used 108859K [0x0000000080000000, 0x0000000100000000)
  region size 1024K, 40 young (40960K), 4 survivors (4096K)
 Metaspace       used 76039K, committed 78272K, reserved 557056K
  class space    used 10727K, committed 11840K, reserved 425984K
}
Event: 66.625 GC heap after
{Heap after GC invocations=33 (full 0):
 garbage-first heap   total 121856K, used 75735K [0x0000000080000000, 0x0000000100000000)
  region size 1024K, 5 young (5120K), 5 survivors (5120K)
 Metaspace       used 76039K, committed 78272K, reserved 557056K
  class space    used 10727K, committed 11840K, reserved 425984K
}
Event: 69.055 GC heap before
{Heap before GC invocations=33 (full 0):
 garbage-first heap   total 121856K, used 108503K [0x0000000080000000, 0x0000000100000000)
  region size 1024K, 38 young (38912K), 5 survivors (5120K)
 Metaspace       used 79023K, committed 81280K, reserved 557056K
  class space    used 11099K, committed 12224K, reserved 425984K
}
Event: 69.074 GC heap after
{Heap after GC invocations=34 (full 0):
 garbage-first heap   total 121856K, used 79572K [0x0000000080000000, 0x0000000100000000)
  region size 1024K, 4 young (4096K), 4 survivors (4096K)
 Metaspace       used 79023K, committed 81280K, reserved 557056K
  class space    used 11099K, committed 12224K, reserved 425984K
}
Event: 91.163 GC heap before
{Heap before GC invocations=35 (full 0):
 garbage-first heap   total 133120K, used 109268K [0x0000000080000000, 0x0000000100000000)
  region size 1024K, 34 young (34816K), 4 survivors (4096K)
 Metaspace       used 82248K, committed 84608K, reserved 557056K
  class space    used 11552K, committed 12736K, reserved 425984K
}
Event: 91.173 GC heap after
{Heap after GC invocations=36 (full 0):
 garbage-first heap   total 133120K, used 81851K [0x0000000080000000, 0x0000000100000000)
  region size 1024K, 3 young (3072K), 3 survivors (3072K)
 Metaspace       used 82248K, committed 84608K, reserved 557056K
  class space    used 11552K, committed 12736K, reserved 425984K
}
Event: 109.862 GC heap before
{Heap before GC invocations=36 (full 0):
 garbage-first heap   total 133120K, used 120763K [0x0000000080000000, 0x0000000100000000)
  region size 1024K, 42 young (43008K), 3 survivors (3072K)
 Metaspace       used 84843K, committed 87104K, reserved 557056K
  class space    used 11847K, committed 12992K, reserved 425984K
}
Event: 109.872 GC heap after
{Heap after GC invocations=37 (full 0):
 garbage-first heap   total 133120K, used 83473K [0x0000000080000000, 0x0000000100000000)
  region size 1024K, 5 young (5120K), 5 survivors (5120K)
 Metaspace       used 84843K, committed 87104K, reserved 557056K
  class space    used 11847K, committed 12992K, reserved 425984K
}
Event: 111.130 GC heap before
{Heap before GC invocations=37 (full 0):
 garbage-first heap   total 133120K, used 120337K [0x0000000080000000, 0x0000000100000000)
  region size 1024K, 41 young (41984K), 5 survivors (5120K)
 Metaspace       used 86877K, committed 89216K, reserved 557056K
  class space    used 12191K, committed 13312K, reserved 425984K
}
Event: 111.142 GC heap after
{Heap after GC invocations=38 (full 0):
 garbage-first heap   total 133120K, used 86106K [0x0000000080000000, 0x0000000100000000)
  region size 1024K, 5 young (5120K), 5 survivors (5120K)
 Metaspace       used 86877K, committed 89216K, reserved 557056K
  class space    used 12191K, committed 13312K, reserved 425984K
}
Event: 111.985 GC heap before
{Heap before GC invocations=39 (full 0):
 garbage-first heap   total 145408K, used 118874K [0x0000000080000000, 0x0000000100000000)
  region size 1024K, 37 young (37888K), 5 survivors (5120K)
 Metaspace       used 86936K, committed 89344K, reserved 557056K
  class space    used 12194K, committed 13376K, reserved 425984K
}
Event: 111.996 GC heap after
{Heap after GC invocations=40 (full 0):
 garbage-first heap   total 145408K, used 86974K [0x0000000080000000, 0x0000000100000000)
  region size 1024K, 3 young (3072K), 3 survivors (3072K)
 Metaspace       used 86936K, committed 89344K, reserved 557056K
  class space    used 12194K, committed 13376K, reserved 425984K
}
Event: 120.926 GC heap before
{Heap before GC invocations=40 (full 0):
 garbage-first heap   total 145408K, used 134078K [0x0000000080000000, 0x0000000100000000)
  region size 1024K, 49 young (50176K), 3 survivors (3072K)
 Metaspace       used 90470K, committed 92800K, reserved 557056K
  class space    used 12617K, committed 13760K, reserved 425984K
}

Dll operation events (17 events):
Event: 0.014 Loaded shared library C:\Users\Pearl - Organisation\AppData\Local\Programs\Eclipse Adoptium\jdk-21.0.6.7-hotspot\bin\java.dll
Event: 0.118 Loaded shared library C:\Users\Pearl - Organisation\AppData\Local\Programs\Eclipse Adoptium\jdk-21.0.6.7-hotspot\bin\jsvml.dll
Event: 0.264 Loaded shared library C:\Users\Pearl - Organisation\AppData\Local\Programs\Eclipse Adoptium\jdk-21.0.6.7-hotspot\bin\zip.dll
Event: 0.270 Loaded shared library C:\Users\Pearl - Organisation\AppData\Local\Programs\Eclipse Adoptium\jdk-21.0.6.7-hotspot\bin\instrument.dll
Event: 0.281 Loaded shared library C:\Users\Pearl - Organisation\AppData\Local\Programs\Eclipse Adoptium\jdk-21.0.6.7-hotspot\bin\net.dll
Event: 0.284 Loaded shared library C:\Users\Pearl - Organisation\AppData\Local\Programs\Eclipse Adoptium\jdk-21.0.6.7-hotspot\bin\nio.dll
Event: 0.296 Loaded shared library C:\Users\Pearl - Organisation\AppData\Local\Programs\Eclipse Adoptium\jdk-21.0.6.7-hotspot\bin\zip.dll
Event: 1.722 Loaded shared library C:\Users\Pearl - Organisation\AppData\Local\Programs\Eclipse Adoptium\jdk-21.0.6.7-hotspot\bin\jimage.dll
Event: 2.010 Loaded shared library C:\Users\Pearl - Organisation\AppData\Local\Programs\Eclipse Adoptium\jdk-21.0.6.7-hotspot\bin\verify.dll
Event: 2.655 Loaded shared library C:\Users\Pearl - Organisation\.gradle\native\c067742578af261105cb4f569cf0c3c89f3d7b1fecec35dd04571415982c5e48\windows-amd64\native-platform.dll
Event: 2.666 Loaded shared library C:\Users\Pearl - Organisation\.gradle\native\100fb08df4bc3b14c8652ba06237920a3bd2aa13389f12d3474272988ae205f9\windows-amd64\native-platform-file-events.dll
Event: 7.582 Loaded shared library C:\Users\Pearl - Organisation\AppData\Local\Programs\Eclipse Adoptium\jdk-21.0.6.7-hotspot\bin\management.dll
Event: 7.604 Loaded shared library C:\Users\Pearl - Organisation\AppData\Local\Programs\Eclipse Adoptium\jdk-21.0.6.7-hotspot\bin\management_ext.dll
Event: 8.146 Loaded shared library C:\Users\Pearl - Organisation\AppData\Local\Programs\Eclipse Adoptium\jdk-21.0.6.7-hotspot\bin\extnet.dll
Event: 8.474 Loaded shared library C:\Users\Pearl - Organisation\AppData\Local\Programs\Eclipse Adoptium\jdk-21.0.6.7-hotspot\bin\sunmscapi.dll
Event: 69.459 Loaded shared library C:\Users\Pearl - Organisation\AppData\Local\Temp\native-platform5831120826153915480dir\native-platform.dll
Event: 71.262 Loaded shared library C:\Users\Pearl - Organisation\AppData\Local\Programs\Eclipse Adoptium\jdk-21.0.6.7-hotspot\bin\rmi.dll

Deoptimization events (20 events):
Event: 120.447 Thread 0x0000020cd062e620 Uncommon trap: trap_request=0xffffffbe fr.pc=0x0000020ca40bbd08 relative=0x0000000000001768
Event: 120.447 Thread 0x0000020cd062e620 Uncommon trap: reason=profile_predicate action=maybe_recompile pc=0x0000020ca40bbd08 method=groovyjarjarantlr4.v4.runtime.atn.PredictionContext.getCachedContext(Lgroovyjarjarantlr4/v4/runtime/atn/PredictionContext;Ljava/util/concurrent/ConcurrentMap;Lgroo
Event: 120.447 Thread 0x0000020cd062e620 DEOPT PACKING pc=0x0000020ca40bbd08 sp=0x0000003cdbdf5f00
Event: 120.448 Thread 0x0000020cd062e620 DEOPT UNPACKING pc=0x0000020ca36e46a2 sp=0x0000003cdbdf5ec8 mode 2
Event: 120.448 Thread 0x0000020cd062e620 Uncommon trap: trap_request=0xffffffbe fr.pc=0x0000020ca40bbd08 relative=0x0000000000001768
Event: 120.448 Thread 0x0000020cd062e620 Uncommon trap: reason=profile_predicate action=maybe_recompile pc=0x0000020ca40bbd08 method=groovyjarjarantlr4.v4.runtime.atn.PredictionContext.getCachedContext(Lgroovyjarjarantlr4/v4/runtime/atn/PredictionContext;Ljava/util/concurrent/ConcurrentMap;Lgroo
Event: 120.448 Thread 0x0000020cd062e620 DEOPT PACKING pc=0x0000020ca40bbd08 sp=0x0000003cdbdf6050
Event: 120.448 Thread 0x0000020cd062e620 DEOPT UNPACKING pc=0x0000020ca36e46a2 sp=0x0000003cdbdf6000 mode 2
Event: 120.448 Thread 0x0000020cd062e620 Uncommon trap: trap_request=0xffffffbe fr.pc=0x0000020ca40bbd08 relative=0x0000000000001768
Event: 120.448 Thread 0x0000020cd062e620 Uncommon trap: reason=profile_predicate action=maybe_recompile pc=0x0000020ca40bbd08 method=groovyjarjarantlr4.v4.runtime.atn.PredictionContext.getCachedContext(Lgroovyjarjarantlr4/v4/runtime/atn/PredictionContext;Ljava/util/concurrent/ConcurrentMap;Lgroo
Event: 120.448 Thread 0x0000020cd062e620 DEOPT PACKING pc=0x0000020ca40bbd08 sp=0x0000003cdbdf60e0
Event: 120.448 Thread 0x0000020cd062e620 DEOPT UNPACKING pc=0x0000020ca36e46a2 sp=0x0000003cdbdf6090 mode 2
Event: 120.553 Thread 0x0000020cd062e620 Uncommon trap: trap_request=0xffffff45 fr.pc=0x0000020ca41db9b0 relative=0x00000000000007b0
Event: 120.553 Thread 0x0000020cd062e620 Uncommon trap: reason=unstable_if action=reinterpret pc=0x0000020ca41db9b0 method=org.gradle.internal.snapshot.VfsRelativePath.compareToFirstSegment(Ljava/lang/String;Lorg/gradle/internal/snapshot/CaseSensitivity;)I @ 156 c2
Event: 120.553 Thread 0x0000020cd062e620 DEOPT PACKING pc=0x0000020ca41db9b0 sp=0x0000003cdbdf76f0
Event: 120.553 Thread 0x0000020cd062e620 DEOPT UNPACKING pc=0x0000020ca36e46a2 sp=0x0000003cdbdf7520 mode 2
Event: 120.796 Thread 0x0000020cd062e620 Uncommon trap: trap_request=0xffffff45 fr.pc=0x0000020ca3f950e4 relative=0x00000000000005a4
Event: 120.796 Thread 0x0000020cd062e620 Uncommon trap: reason=unstable_if action=reinterpret pc=0x0000020ca3f950e4 method=org.gradle.internal.snapshot.VfsRelativePath.compareToFirstSegment(Ljava/lang/String;Lorg/gradle/internal/snapshot/CaseSensitivity;)I @ 156 c2
Event: 120.796 Thread 0x0000020cd062e620 DEOPT PACKING pc=0x0000020ca3f950e4 sp=0x0000003cdbdf7660
Event: 120.796 Thread 0x0000020cd062e620 DEOPT UNPACKING pc=0x0000020ca36e46a2 sp=0x0000003cdbdf7518 mode 2

Classes loaded (20 events):
Event: 114.010 Loading class java/lang/ProcessBuilder$Redirect$1
Event: 114.013 Loading class java/lang/ProcessBuilder$Redirect$1 done
Event: 114.013 Loading class java/lang/ProcessBuilder$Redirect$2
Event: 114.013 Loading class java/lang/ProcessBuilder$Redirect$2 done
Event: 114.014 Loading class java/lang/ProcessBuilder$Redirect$3
Event: 114.014 Loading class java/lang/ProcessBuilder$Redirect$3 done
Event: 114.014 Loading class java/lang/ProcessBuilder$Redirect$5
Event: 114.014 Loading class java/lang/ProcessBuilder$Redirect$5 done
Event: 114.014 Loading class java/lang/ProcessBuilder$Redirect$Type
Event: 114.014 Loading class java/lang/ProcessBuilder$Redirect$Type done
Event: 114.017 Loading class java/lang/ProcessBuilder$RedirectPipeImpl
Event: 114.018 Loading class java/lang/ProcessBuilder$RedirectPipeImpl done
Event: 119.815 Loading class java/util/Currency
Event: 119.816 Loading class java/util/Currency done
Event: 119.821 Loading class java/util/concurrent/atomic/AtomicLongArray
Event: 119.822 Loading class java/util/concurrent/atomic/AtomicLongArray done
Event: 119.880 Loading class java/util/AbstractMap$2
Event: 119.881 Loading class java/util/AbstractMap$2 done
Event: 119.881 Loading class java/util/AbstractMap$2$1
Event: 119.881 Loading class java/util/AbstractMap$2$1 done

Classes unloaded (0 events):
No events

Classes redefined (0 events):
No events

Internal exceptions (20 events):
Event: 120.692 Thread 0x0000020cd062e620 Exception <a 'sun/nio/fs/WindowsException'{0x0000000086074600}> (0x0000000086074600) 
thrown [s\src\hotspot\share\prims\jni.cpp, line 520]
Event: 120.693 Thread 0x0000020cd062e620 Exception <a 'sun/nio/fs/WindowsException'{0x0000000086076010}> (0x0000000086076010) 
thrown [s\src\hotspot\share\prims\jni.cpp, line 520]
Event: 120.714 Thread 0x0000020cd062e620 Exception <a 'sun/nio/fs/WindowsException'{0x000000008608fbe8}> (0x000000008608fbe8) 
thrown [s\src\hotspot\share\prims\jni.cpp, line 520]
Event: 120.734 Thread 0x0000020cd062e620 Exception <a 'sun/nio/fs/WindowsException'{0x000000008609eea8}> (0x000000008609eea8) 
thrown [s\src\hotspot\share\prims\jni.cpp, line 520]
Event: 120.804 Thread 0x0000020cd1e8b410 Exception <a 'sun/nio/fs/WindowsException'{0x0000000085f1b428}> (0x0000000085f1b428) 
thrown [s\src\hotspot\share\prims\jni.cpp, line 520]
Event: 120.806 Thread 0x0000020cd1e8b410 Exception <a 'sun/nio/fs/WindowsException'{0x0000000085f1bb78}> (0x0000000085f1bb78) 
thrown [s\src\hotspot\share\prims\jni.cpp, line 520]
Event: 120.809 Thread 0x0000020cd1e8b410 Exception <a 'sun/nio/fs/WindowsException'{0x0000000085f2ce58}> (0x0000000085f2ce58) 
thrown [s\src\hotspot\share\prims\jni.cpp, line 520]
Event: 120.812 Thread 0x0000020cd1e8b410 Exception <a 'sun/nio/fs/WindowsException'{0x0000000085f3c0f0}> (0x0000000085f3c0f0) 
thrown [s\src\hotspot\share\prims\jni.cpp, line 520]
Event: 120.845 Thread 0x0000020cd062e620 Exception <a 'java/lang/ClassNotFoundException'{0x0000000085f570d8}: autolinking_2wnqlkaaj17xusappixqaxecaBeanInfo> (0x0000000085f570d8) 
thrown [s\src\hotspot\share\classfile\systemDictionary.cpp, line 312]
Event: 120.845 Thread 0x0000020cd062e620 Exception <a 'java/lang/ClassNotFoundException'{0x0000000085f5fb08}: autolinking_2wnqlkaaj17xusappixqaxecaCustomizer> (0x0000000085f5fb08) 
thrown [s\src\hotspot\share\classfile\systemDictionary.cpp, line 312]
Event: 120.878 Thread 0x0000020cd062e620 Exception <a 'java/lang/ClassNotFoundException'{0x0000000085faffb0}: org/gradle/api/internal/provider/DefaultProviderFactory_DecoratedBeanInfo> (0x0000000085faffb0) 
thrown [s\src\hotspot\share\classfile\systemDictionary.cpp, line 312]
Event: 120.879 Thread 0x0000020cd062e620 Exception <a 'java/lang/ClassNotFoundException'{0x0000000085fc0f60}: org/gradle/api/internal/provider/DefaultProviderFactoryBeanInfo> (0x0000000085fc0f60) 
thrown [s\src\hotspot\share\classfile\systemDictionary.cpp, line 312]
Event: 120.881 Thread 0x0000020cd062e620 Exception <a 'java/lang/ClassNotFoundException'{0x0000000085fd2428}: org/gradle/api/internal/provider/DefaultProviderFactoryCustomizer> (0x0000000085fd2428) 
thrown [s\src\hotspot\share\classfile\systemDictionary.cpp, line 312]
Event: 120.884 Thread 0x0000020cd062e620 Exception <a 'java/lang/ClassNotFoundException'{0x0000000085e070d8}: org/gradle/api/internal/provider/DefaultProviderFactory_DecoratedCustomizer> (0x0000000085e070d8) 
thrown [s\src\hotspot\share\classfile\systemDictionary.cpp, line 312]
Event: 120.911 Thread 0x0000020cd062e620 Exception <a 'java/lang/ClassNotFoundException'{0x0000000085d2b870}: org/gradle/api/internal/provider/sources/process/ProviderCompatibleExecSpec_DecoratedBeanInfo> (0x0000000085d2b870) 
thrown [s\src\hotspot\share\classfile\systemDictionary.cpp, line 312]
Event: 120.912 Thread 0x0000020cd062e620 Exception <a 'java/lang/ClassNotFoundException'{0x0000000085d3ea68}: org/gradle/api/internal/provider/sources/process/ProviderCompatibleExecSpecBeanInfo> (0x0000000085d3ea68) 
thrown [s\src\hotspot\share\classfile\systemDictionary.cpp, line 312]
Event: 120.913 Thread 0x0000020cd062e620 Exception <a 'java/lang/ClassNotFoundException'{0x0000000085d51de8}: org/gradle/api/internal/provider/sources/process/ProviderCompatibleBaseExecSpecBeanInfo> (0x0000000085d51de8) 
thrown [s\src\hotspot\share\classfile\systemDictionary.cpp, line 312]
Event: 120.914 Thread 0x0000020cd062e620 Exception <a 'java/lang/ClassNotFoundException'{0x0000000085d65438}: org/gradle/api/internal/provider/sources/process/ProviderCompatibleBaseExecSpecCustomizer> (0x0000000085d65438) 
thrown [s\src\hotspot\share\classfile\systemDictionary.cpp, line 312]
Event: 120.920 Thread 0x0000020cd062e620 Exception <a 'java/lang/ClassNotFoundException'{0x0000000085d9b440}: org/gradle/api/internal/provider/sources/process/ProviderCompatibleExecSpecCustomizer> (0x0000000085d9b440) 
thrown [s\src\hotspot\share\classfile\systemDictionary.cpp, line 312]
Event: 120.925 Thread 0x0000020cd062e620 Exception <a 'java/lang/ClassNotFoundException'{0x0000000085df5460}: org/gradle/api/internal/provider/sources/process/ProviderCompatibleExecSpec_DecoratedCustomizer> (0x0000000085df5460) 
thrown [s\src\hotspot\share\classfile\systemDictionary.cpp, line 312]

ZGC Phase Switch (0 events):
No events

VM Operations (20 events):
Event: 113.063 Executing VM operation: HandshakeAllThreads (Deoptimize) done
Event: 113.084 Executing VM operation: HandshakeAllThreads (Deoptimize)
Event: 113.084 Executing VM operation: HandshakeAllThreads (Deoptimize) done
Event: 113.268 Executing VM operation: HandshakeAllThreads (Deoptimize)
Event: 113.269 Executing VM operation: HandshakeAllThreads (Deoptimize) done
Event: 113.789 Executing VM operation: HandshakeAllThreads (Deoptimize)
Event: 113.790 Executing VM operation: HandshakeAllThreads (Deoptimize) done
Event: 113.793 Executing VM operation: HandshakeAllThreads (Deoptimize)
Event: 113.793 Executing VM operation: HandshakeAllThreads (Deoptimize) done
Event: 114.793 Executing VM operation: Cleanup
Event: 114.793 Executing VM operation: Cleanup done
Event: 118.794 Executing VM operation: Cleanup
Event: 118.794 Executing VM operation: Cleanup done
Event: 120.258 Executing VM operation: HandshakeAllThreads (HandshakeForDeflation)
Event: 120.258 Executing VM operation: HandshakeAllThreads (HandshakeForDeflation) done
Event: 120.258 Executing VM operation: Cleanup
Event: 120.258 Executing VM operation: Cleanup done
Event: 120.258 Executing VM operation: RendezvousGCThreads
Event: 120.258 Executing VM operation: RendezvousGCThreads done
Event: 120.925 Executing VM operation: G1CollectForAllocation (G1 Evacuation Pause)

Memory protections (0 events):
No events

Nmethod flushes (20 events):
Event: 111.374 Thread 0x0000020cafdf3140 flushing  nmethod 0x0000020c9caedf90
Event: 111.374 Thread 0x0000020cafdf3140 flushing  nmethod 0x0000020c9caefd90
Event: 111.374 Thread 0x0000020cafdf3140 flushing  nmethod 0x0000020c9cb05210
Event: 111.374 Thread 0x0000020cafdf3140 flushing  nmethod 0x0000020c9cb19110
Event: 111.374 Thread 0x0000020cafdf3140 flushing  nmethod 0x0000020c9cc9f590
Event: 111.374 Thread 0x0000020cafdf3140 flushing  nmethod 0x0000020c9ccae290
Event: 111.374 Thread 0x0000020cafdf3140 flushing  nmethod 0x0000020c9ce5f910
Event: 111.374 Thread 0x0000020cafdf3140 flushing  nmethod 0x0000020c9ce62890
Event: 111.374 Thread 0x0000020cafdf3140 flushing  nmethod 0x0000020c9ce6c910
Event: 111.374 Thread 0x0000020cafdf3140 flushing  nmethod 0x0000020c9ce6ce90
Event: 111.374 Thread 0x0000020cafdf3140 flushing  nmethod 0x0000020c9ce6e490
Event: 111.374 Thread 0x0000020cafdf3140 flushing  nmethod 0x0000020c9ce9f810
Event: 111.374 Thread 0x0000020cafdf3140 flushing  nmethod 0x0000020c9ce9fc90
Event: 111.374 Thread 0x0000020cafdf3140 flushing  nmethod 0x0000020c9cea0190
Event: 111.374 Thread 0x0000020cafdf3140 flushing  nmethod 0x0000020c9cee3090
Event: 111.374 Thread 0x0000020cafdf3140 flushing  nmethod 0x0000020c9d02e710
Event: 111.374 Thread 0x0000020cafdf3140 flushing  nmethod 0x0000020c9d031210
Event: 111.374 Thread 0x0000020cafdf3140 flushing  nmethod 0x0000020c9d06d590
Event: 111.374 Thread 0x0000020cafdf3140 flushing  nmethod 0x0000020c9d06e090
Event: 111.374 Thread 0x0000020cafdf3140 flushing  nmethod 0x0000020c9d06e510

Events (20 events):
Event: 90.773 Thread 0x0000020cd31fa9d0 Thread added: 0x0000020cd0783be0
Event: 90.820 Thread 0x0000020cd31fa9d0 Thread added: 0x0000020cd07897c0
Event: 90.821 Thread 0x0000020cd31fa9d0 Thread added: 0x0000020cd0785620
Event: 90.821 Thread 0x0000020cd31fa9d0 Thread added: 0x0000020cd0785cb0
Event: 91.074 Thread 0x0000020cd26035c0 Thread exited: 0x0000020cd26035c0
Event: 91.181 Thread 0x0000020cd0789e50 Thread exited: 0x0000020cd0789e50
Event: 91.863 Thread 0x0000020cd31fa9d0 Thread added: 0x0000020cd07869d0
Event: 91.875 Thread 0x0000020cd0784270 Thread added: 0x0000020cd07876f0
Event: 91.931 Thread 0x0000020cd0789130 Thread added: 0x0000020cd078b200
Event: 108.332 Thread 0x0000020cd062e620 Thread added: 0x0000020cd0787d80
Event: 108.333 Thread 0x0000020cd062e620 Thread added: 0x0000020cd0788410
Event: 108.333 Thread 0x0000020cd062e620 Thread added: 0x0000020cd0789e50
Event: 108.385 Thread 0x0000020cd062e620 Thread added: 0x0000020ccfe70250
Event: 108.385 Thread 0x0000020cd062e620 Thread added: 0x0000020cd2baeb70
Event: 108.386 Thread 0x0000020cd062e620 Thread added: 0x0000020cd2bad7c0
Event: 108.447 Thread 0x0000020cd062e620 Thread added: 0x0000020cd2bae4e0
Event: 108.448 Thread 0x0000020cd062e620 Thread added: 0x0000020cd2bade50
Event: 108.449 Thread 0x0000020cd062e620 Thread added: 0x0000020cd2baf200
Event: 109.876 Thread 0x0000020cd07876f0 Thread exited: 0x0000020cd07876f0
Event: 120.456 Thread 0x0000020cafe50fa0 Thread added: 0x0000020cd2604a30


Dynamic libraries:
0x00007ff613b20000 - 0x00007ff613b2e000 	C:\Users\Pearl - Organisation\AppData\Local\Programs\Eclipse Adoptium\jdk-21.0.6.7-hotspot\bin\java.exe
0x00007ffc15bb0000 - 0x00007ffc15da8000 	C:\WINDOWS\SYSTEM32\ntdll.dll
0x00007ffc15aa0000 - 0x00007ffc15b62000 	C:\WINDOWS\System32\KERNEL32.DLL
0x00007ffc13250000 - 0x00007ffc1354f000 	C:\WINDOWS\System32\KERNELBASE.dll
0x00007ffc13910000 - 0x00007ffc13a10000 	C:\WINDOWS\System32\ucrtbase.dll
0x00007ffc06690000 - 0x00007ffc066a8000 	C:\Users\Pearl - Organisation\AppData\Local\Programs\Eclipse Adoptium\jdk-21.0.6.7-hotspot\bin\jli.dll
0x00007ffc143b0000 - 0x00007ffc1454d000 	C:\WINDOWS\System32\USER32.dll
0x00007ffc13ba0000 - 0x00007ffc13bc2000 	C:\WINDOWS\System32\win32u.dll
0x00007ffc15630000 - 0x00007ffc1565b000 	C:\WINDOWS\System32\GDI32.dll
0x00007ffc13550000 - 0x00007ffc1366a000 	C:\WINDOWS\System32\gdi32full.dll
0x00007ffc137c0000 - 0x00007ffc1385d000 	C:\WINDOWS\System32\msvcp_win.dll
0x00007ffc06670000 - 0x00007ffc0668e000 	C:\Users\Pearl - Organisation\AppData\Local\Programs\Eclipse Adoptium\jdk-21.0.6.7-hotspot\bin\VCRUNTIME140.dll
0x00007ffc125b0000 - 0x00007ffc1284a000 	C:\WINDOWS\WinSxS\amd64_microsoft.windows.common-controls_6595b64144ccf1df_6.0.19041.4355_none_60b8b9eb71f62e16\COMCTL32.dll
0x00007ffc145e0000 - 0x00007ffc1467e000 	C:\WINDOWS\System32\msvcrt.dll
0x00007ffc15330000 - 0x00007ffc1535f000 	C:\WINDOWS\System32\IMM32.DLL
0x00007ffc0b380000 - 0x00007ffc0b38c000 	C:\Users\Pearl - Organisation\AppData\Local\Programs\Eclipse Adoptium\jdk-21.0.6.7-hotspot\bin\vcruntime140_1.dll
0x00007ffbfb7b0000 - 0x00007ffbfb83d000 	C:\Users\Pearl - Organisation\AppData\Local\Programs\Eclipse Adoptium\jdk-21.0.6.7-hotspot\bin\msvcp140.dll
0x00007ffbdf440000 - 0x00007ffbe01d0000 	C:\Users\Pearl - Organisation\AppData\Local\Programs\Eclipse Adoptium\jdk-21.0.6.7-hotspot\bin\server\jvm.dll
0x00007ffc15280000 - 0x00007ffc1532f000 	C:\WINDOWS\System32\ADVAPI32.dll
0x00007ffc14750000 - 0x00007ffc147ef000 	C:\WINDOWS\System32\sechost.dll
0x00007ffc154f0000 - 0x00007ffc15613000 	C:\WINDOWS\System32\RPCRT4.dll
0x00007ffc13b70000 - 0x00007ffc13b97000 	C:\WINDOWS\System32\bcrypt.dll
0x00007ffc13bd0000 - 0x00007ffc13c3b000 	C:\WINDOWS\System32\WS2_32.dll
0x00007ffc130b0000 - 0x00007ffc130fb000 	C:\WINDOWS\SYSTEM32\POWRPROF.dll
0x00007ffc04560000 - 0x00007ffc04587000 	C:\WINDOWS\SYSTEM32\WINMM.dll
0x00007ffc0fbd0000 - 0x00007ffc0fbda000 	C:\WINDOWS\SYSTEM32\VERSION.dll
0x00007ffc13090000 - 0x00007ffc130a2000 	C:\WINDOWS\SYSTEM32\UMPDC.dll
0x00007ffc10320000 - 0x00007ffc10332000 	C:\WINDOWS\SYSTEM32\kernel.appcore.dll
0x00007ffc0af60000 - 0x00007ffc0af6a000 	C:\Users\Pearl - Organisation\AppData\Local\Programs\Eclipse Adoptium\jdk-21.0.6.7-hotspot\bin\jimage.dll
0x00007ffc129a0000 - 0x00007ffc12b84000 	C:\WINDOWS\SYSTEM32\DBGHELP.DLL
0x00007ffc12960000 - 0x00007ffc12994000 	C:\WINDOWS\SYSTEM32\dbgcore.DLL
0x00007ffc13670000 - 0x00007ffc136f2000 	C:\WINDOWS\System32\bcryptPrimitives.dll
0x00007ffc0af30000 - 0x00007ffc0af3f000 	C:\Users\Pearl - Organisation\AppData\Local\Programs\Eclipse Adoptium\jdk-21.0.6.7-hotspot\bin\instrument.dll
0x00007ffc06620000 - 0x00007ffc0663f000 	C:\Users\Pearl - Organisation\AppData\Local\Programs\Eclipse Adoptium\jdk-21.0.6.7-hotspot\bin\java.dll
0x00007ffc13c40000 - 0x00007ffc143ad000 	C:\WINDOWS\System32\SHELL32.dll
0x00007ffc10c70000 - 0x00007ffc11414000 	C:\WINDOWS\SYSTEM32\windows.storage.dll
0x00007ffc15740000 - 0x00007ffc15a95000 	C:\WINDOWS\System32\combase.dll
0x00007ffc12510000 - 0x00007ffc1253b000 	C:\WINDOWS\SYSTEM32\Wldp.dll
0x00007ffc14680000 - 0x00007ffc1474d000 	C:\WINDOWS\System32\OLEAUT32.dll
0x00007ffc147f0000 - 0x00007ffc1489d000 	C:\WINDOWS\System32\SHCORE.dll
0x00007ffc14d30000 - 0x00007ffc14d85000 	C:\WINDOWS\System32\shlwapi.dll
0x00007ffc13180000 - 0x00007ffc131a5000 	C:\WINDOWS\SYSTEM32\profapi.dll
0x00007ffbfab90000 - 0x00007ffbfac67000 	C:\Users\Pearl - Organisation\AppData\Local\Programs\Eclipse Adoptium\jdk-21.0.6.7-hotspot\bin\jsvml.dll
0x00007ffc05db0000 - 0x00007ffc05dc8000 	C:\Users\Pearl - Organisation\AppData\Local\Programs\Eclipse Adoptium\jdk-21.0.6.7-hotspot\bin\zip.dll
0x00007ffc0aef0000 - 0x00007ffc0af00000 	C:\Users\Pearl - Organisation\AppData\Local\Programs\Eclipse Adoptium\jdk-21.0.6.7-hotspot\bin\net.dll
0x00007ffc0c060000 - 0x00007ffc0c16a000 	C:\WINDOWS\SYSTEM32\WINHTTP.dll
0x00007ffc12220000 - 0x00007ffc1228c000 	C:\WINDOWS\system32\mswsock.dll
0x00007ffbfc360000 - 0x00007ffbfc376000 	C:\Users\Pearl - Organisation\AppData\Local\Programs\Eclipse Adoptium\jdk-21.0.6.7-hotspot\bin\nio.dll
0x00007ffc064b0000 - 0x00007ffc064c0000 	C:\Users\Pearl - Organisation\AppData\Local\Programs\Eclipse Adoptium\jdk-21.0.6.7-hotspot\bin\verify.dll
0x00007ffbfc2f0000 - 0x00007ffbfc317000 	C:\Users\Pearl - Organisation\.gradle\native\c067742578af261105cb4f569cf0c3c89f3d7b1fecec35dd04571415982c5e48\windows-amd64\native-platform.dll
0x00007ffbfaa40000 - 0x00007ffbfab84000 	C:\Users\Pearl - Organisation\.gradle\native\100fb08df4bc3b14c8652ba06237920a3bd2aa13389f12d3474272988ae205f9\windows-amd64\native-platform-file-events.dll
0x00007ffbfc350000 - 0x00007ffbfc35a000 	C:\Users\Pearl - Organisation\AppData\Local\Programs\Eclipse Adoptium\jdk-21.0.6.7-hotspot\bin\management.dll
0x00007ffbfc340000 - 0x00007ffbfc34b000 	C:\Users\Pearl - Organisation\AppData\Local\Programs\Eclipse Adoptium\jdk-21.0.6.7-hotspot\bin\management_ext.dll
0x00007ffc15620000 - 0x00007ffc15628000 	C:\WINDOWS\System32\PSAPI.DLL
0x00007ffc12ef0000 - 0x00007ffc12f08000 	C:\WINDOWS\SYSTEM32\CRYPTSP.dll
0x00007ffc11be0000 - 0x00007ffc11c18000 	C:\WINDOWS\system32\rsaenh.dll
0x00007ffc13100000 - 0x00007ffc1312e000 	C:\WINDOWS\SYSTEM32\USERENV.dll
0x00007ffc124a0000 - 0x00007ffc124ac000 	C:\WINDOWS\SYSTEM32\CRYPTBASE.dll
0x00007ffc11f40000 - 0x00007ffc11f7b000 	C:\WINDOWS\SYSTEM32\IPHLPAPI.DLL
0x00007ffc15270000 - 0x00007ffc15278000 	C:\WINDOWS\System32\NSI.dll
0x00007ffbfc330000 - 0x00007ffbfc339000 	C:\Users\Pearl - Organisation\AppData\Local\Programs\Eclipse Adoptium\jdk-21.0.6.7-hotspot\bin\extnet.dll
0x00007ffbfc320000 - 0x00007ffbfc32e000 	C:\Users\Pearl - Organisation\AppData\Local\Programs\Eclipse Adoptium\jdk-21.0.6.7-hotspot\bin\sunmscapi.dll
0x00007ffc13a10000 - 0x00007ffc13b6c000 	C:\WINDOWS\System32\CRYPT32.dll
0x00007ffc12580000 - 0x00007ffc125a7000 	C:\WINDOWS\SYSTEM32\ncrypt.dll
0x00007ffc12540000 - 0x00007ffc1257b000 	C:\WINDOWS\SYSTEM32\NTASN1.dll
0x00007ffbfdc80000 - 0x00007ffbfdc87000 	C:\WINDOWS\system32\wshunix.dll
0x00007ffbff110000 - 0x00007ffbff127000 	C:\WINDOWS\system32\napinsp.dll
0x00007ffbff0f0000 - 0x00007ffbff10b000 	C:\WINDOWS\system32\pnrpnsp.dll
0x00007ffbfee00000 - 0x00007ffbfee15000 	C:\WINDOWS\system32\wshbth.dll
0x00007ffc0eab0000 - 0x00007ffc0eacd000 	C:\WINDOWS\system32\NLAapi.dll
0x00007ffc11f80000 - 0x00007ffc1204a000 	C:\WINDOWS\SYSTEM32\DNSAPI.dll
0x00007ffbfede0000 - 0x00007ffbfedf2000 	C:\WINDOWS\System32\winrnr.dll
0x00007ffc08fa0000 - 0x00007ffc08faa000 	C:\Windows\System32\rasadhlp.dll
0x00007ffc09300000 - 0x00007ffc09380000 	C:\WINDOWS\System32\fwpuclnt.dll
0x00007ffc0d660000 - 0x00007ffc0d67e000 	C:\Users\Pearl - Organisation\AppData\Local\Temp\native-platform5831120826153915480dir\native-platform.dll
0x00007ffc10400000 - 0x00007ffc10407000 	C:\Users\Pearl - Organisation\AppData\Local\Programs\Eclipse Adoptium\jdk-21.0.6.7-hotspot\bin\rmi.dll

dbghelp: loaded successfully - version: 4.0.5 - missing functions: none
symbol engine: initialized successfully - sym options: 0x614 - pdb path: .;C:\Users\Pearl - Organisation\AppData\Local\Programs\Eclipse Adoptium\jdk-21.0.6.7-hotspot\bin;C:\WINDOWS\SYSTEM32;C:\WINDOWS\WinSxS\amd64_microsoft.windows.common-controls_6595b64144ccf1df_6.0.19041.4355_none_60b8b9eb71f62e16;C:\Users\Pearl - Organisation\AppData\Local\Programs\Eclipse Adoptium\jdk-21.0.6.7-hotspot\bin\server;C:\Users\Pearl - Organisation\.gradle\native\c067742578af261105cb4f569cf0c3c89f3d7b1fecec35dd04571415982c5e48\windows-amd64;C:\Users\Pearl - Organisation\.gradle\native\100fb08df4bc3b14c8652ba06237920a3bd2aa13389f12d3474272988ae205f9\windows-amd64;C:\Users\Pearl - Organisation\AppData\Local\Temp\native-platform5831120826153915480dir

VM Arguments:
jvm_args: -XX:MaxMetaspaceSize=512m --add-opens=java.base/java.util=ALL-UNNAMED --add-opens=java.base/java.lang=ALL-UNNAMED --add-opens=java.base/java.lang.invoke=ALL-UNNAMED --add-opens=java.prefs/java.util.prefs=ALL-UNNAMED --add-opens=java.base/java.nio.charset=ALL-UNNAMED --add-opens=java.base/java.net=ALL-UNNAMED --add-opens=java.base/java.util.concurrent.atomic=ALL-UNNAMED -Xmx2048m -Dfile.encoding=utf8 -Duser.country=US -Duser.language=en -Duser.variant -javaagent:C:\Users\Pearl - Organisation\.gradle\wrapper\dists\gradle-8.8-all\6gdy1pgp427xkqcjbxw3ylt6h\gradle-8.8\lib\agents\gradle-instrumentation-agent-8.8.jar 
java_command: org.gradle.launcher.daemon.bootstrap.GradleDaemon 8.8
java_class_path (initial): C:\Users\Pearl - Organisation\.gradle\wrapper\dists\gradle-8.8-all\6gdy1pgp427xkqcjbxw3ylt6h\gradle-8.8\lib\gradle-launcher-8.8.jar
Launcher Type: SUN_STANDARD

[Global flags]
     intx CICompilerCount                          = 3                                         {product} {ergonomic}
   size_t CompressedClassSpaceSize                 = 436207616                                 {product} {ergonomic}
     uint ConcGCThreads                            = 1                                         {product} {ergonomic}
     uint G1ConcRefinementThreads                  = 4                                         {product} {ergonomic}
   size_t G1HeapRegionSize                         = 1048576                                   {product} {ergonomic}
    uintx GCDrainStackTargetSize                   = 64                                        {product} {ergonomic}
   size_t InitialHeapSize                          = 132120576                                 {product} {ergonomic}
   size_t MarkStackSize                            = 4194304                                   {product} {ergonomic}
   size_t MaxHeapSize                              = 2147483648                                {product} {command line}
   size_t MaxMetaspaceSize                         = 536870912                                 {product} {command line}
   size_t MaxNewSize                               = 1287651328                                {product} {ergonomic}
   size_t MinHeapDeltaBytes                        = 1048576                                   {product} {ergonomic}
   size_t MinHeapSize                              = 8388608                                   {product} {ergonomic}
    uintx NonNMethodCodeHeapSize                   = 5832780                                {pd product} {ergonomic}
    uintx NonProfiledCodeHeapSize                  = 122912730                              {pd product} {ergonomic}
    uintx ProfiledCodeHeapSize                     = 122912730                              {pd product} {ergonomic}
    uintx ReservedCodeCacheSize                    = 251658240                              {pd product} {ergonomic}
     bool SegmentedCodeCache                       = true                                      {product} {ergonomic}
   size_t SoftMaxHeapSize                          = 2147483648                             {manageable} {ergonomic}
     bool UseCompressedOops                        = true                           {product lp64_product} {ergonomic}
     bool UseG1GC                                  = true                                      {product} {ergonomic}
     bool UseLargePagesIndividualAllocation        = false                                  {pd product} {ergonomic}

Logging:
Log output configuration:
 #0: stdout all=warning uptime,level,tags foldmultilines=false
 #1: stderr all=off uptime,level,tags foldmultilines=false

Environment Variables:
JAVA_HOME=C:\Users\Pearl - Organisation\AppData\Local\Programs\Eclipse Adoptium\jdk-21.0.6.7-hotspot\
PATH=C:\Program Files\Common Files\Oracle\Java\javapath;C:\WINDOWS\system32;C:\WINDOWS;C:\WINDOWS\System32\Wbem;C:\WINDOWS\System32\WindowsPowerShell\v1.0\;C:\WINDOWS\System32\OpenSSH\;C:\Program Files\php-8.3.10-Win32-vs16-x64;C:\composer\vendor\bin;C:\composer;C:\Program Files\7-Zip;C:\Program Files\Java\jdk-22\bin;C:\apache-maven-3.9.9-bin\apache-maven-3.9.9\bin;C:\Program Files\PuTTY\;C:\Program Files\MariaDB 11.6\bin;C:\Program Files\Git\cmd;C:\Users\Pearl - Organisation\AppData\Local\Programs\Eclipse Adoptium\jdk-21.0.6.7-hotspot\\bin;C:\Program Files\nodejs\;C:\Users\Pearl - Organisation\AppData\Local\Pub\Cache\bin;C:\Program Files\GitHub CLI\;C:\Users\Pearl - Organisation\AppData\Local\Programs\Eclipse Adoptium\jdk-21.0.6.7-hotspot\bin;C:\Users\Pearl - Organisation\AppData\Local\Programs\Python\Launcher\;C:\Users\Pearl - Organisation\AppData\Local\Microsoft\WindowsApps;C:\Users\Pearl - Organisation\AppData\Local\Programs\Microsoft VS Code\bin;C:\Users\Pearl - Organisation\AppData\Local\Programs\Git\cmd;C:\flutter\sdk\flutter\bin;C:\Users\Pearl - Organisation\AppData\Roaming\npm;C:\Program Files\nodejs;C:\Users\Pearl - Organisation\AppData\Local\Pub\Cache\bin;
USERNAME=Pearl - Organisation
OS=Windows_NT
PROCESSOR_IDENTIFIER=Intel64 Family 6 Model 42 Stepping 7, GenuineIntel
TMP=C:\Users\PEARL-~1\AppData\Local\Temp
TEMP=C:\Users\PEARL-~1\AppData\Local\Temp




Periodic native trim disabled

---------------  S Y S T E M  ---------------

OS:
 Windows 10 , 64 bit Build 19041 (10.0.19041.5438)
OS uptime: 1 days 0:02 hours

CPU: total 4 (initial active 4) (2 cores per cpu, 2 threads per core) family 6 model 42 stepping 7 microcode 0x2f, cx8, cmov, fxsr, ht, mmx, sse, sse2, sse3, ssse3, sse4.1, sse4.2, popcnt, tsc, tscinvbit, avx, clmul, vzeroupper, clflush, rdtscp
Processor Information for the first 4 processors :
  Max Mhz: 3100, Current Mhz: 3100, Mhz Limit: 3100

Memory: 4k page, system-wide physical 8016M (964M free)
TotalPageFile size 14303M (AvailPageFile size 5030M)
current process WorkingSet (physical memory assigned to process): 391M, peak: 391M
current process commit charge ("private bytes"): 423M, peak: 423M

vm_info: OpenJDK 64-Bit Server VM (21.0.6+7-LTS) for windows-amd64 JRE (21.0.6+7-LTS), built on 2025-01-21T00:00:00Z by "admin" with MS VC++ 17.7 (VS2022)

END.
